Start testing: May 25 20:07 PDT
----------------------------------------------------------
1/168 Testing: test_from_ndarray_c32_1d
1/168 Test: test_from_ndarray_c32_1d
Command: "/Users/yongfeiwang/software/kokkos-tutorials/Exercises/kokkos-fortran-interop/build/test/test_from_ndarray_c32_1d"
Directory: /Users/yongfeiwang/software/kokkos-tutorials/Exercises/kokkos-fortran-interop/build/test
"test_from_ndarray_c32_1d" start time: May 25 20:07 PDT
Output:
----------------------------------------------------------
Kokkos::OpenMP::initialize WARNING: OMP_PROC_BIND environment variable not set
  In general, for best performance with OpenMP 4.0 or better set OMP_PROC_BIND=spread and OMP_PLACES=threads
  For best performance with OpenMP 3.1 set OMP_PROC_BIND=true
  For unit testing set OMP_PROC_BIND=false
 PASSED from_ndarray_c32_1d
 f_sum =             (36.0000000,-36.0000000)
 c_sum =             (36.0000000,-36.0000000)
<end of output>
Test time =   0.01 sec
----------------------------------------------------------
Test Pass Reason:
Required regular expression found. Regex=[PASSED]
"test_from_ndarray_c32_1d" end time: May 25 20:07 PDT
"test_from_ndarray_c32_1d" time elapsed: 00:00:00
----------------------------------------------------------

2/168 Testing: test_from_ndarray_c32_2d
2/168 Test: test_from_ndarray_c32_2d
Command: "/Users/yongfeiwang/software/kokkos-tutorials/Exercises/kokkos-fortran-interop/build/test/test_from_ndarray_c32_2d"
Directory: /Users/yongfeiwang/software/kokkos-tutorials/Exercises/kokkos-fortran-interop/build/test
"test_from_ndarray_c32_2d" start time: May 25 20:07 PDT
Output:
----------------------------------------------------------
Kokkos::OpenMP::initialize WARNING: OMP_PROC_BIND environment variable not set
  In general, for best performance with OpenMP 4.0 or better set OMP_PROC_BIND=spread and OMP_PLACES=threads
  For best performance with OpenMP 3.1 set OMP_PROC_BIND=true
  For unit testing set OMP_PROC_BIND=false
 PASSED from_ndarray_c32_2d
 f_sum =             (476.000000,-476.000000)
 c_sum =             (476.000000,-476.000000)
<end of output>
Test time =   0.15 sec
----------------------------------------------------------
Test Pass Reason:
Required regular expression found. Regex=[PASSED]
"test_from_ndarray_c32_2d" end time: May 25 20:07 PDT
"test_from_ndarray_c32_2d" time elapsed: 00:00:00
----------------------------------------------------------

3/168 Testing: test_from_ndarray_c32_3d
3/168 Test: test_from_ndarray_c32_3d
Command: "/Users/yongfeiwang/software/kokkos-tutorials/Exercises/kokkos-fortran-interop/build/test/test_from_ndarray_c32_3d"
Directory: /Users/yongfeiwang/software/kokkos-tutorials/Exercises/kokkos-fortran-interop/build/test
"test_from_ndarray_c32_3d" start time: May 25 20:07 PDT
Output:
----------------------------------------------------------
Kokkos::OpenMP::initialize WARNING: OMP_PROC_BIND environment variable not set
  In general, for best performance with OpenMP 4.0 or better set OMP_PROC_BIND=spread and OMP_PLACES=threads
  For best performance with OpenMP 3.1 set OMP_PROC_BIND=true
  For unit testing set OMP_PROC_BIND=false
 PASSED from_ndarray_c32_3d
 f_sum =             (4032.00000,-4032.00000)
 c_sum =             (4032.00000,-4032.00000)
<end of output>
Test time =   0.14 sec
----------------------------------------------------------
Test Pass Reason:
Required regular expression found. Regex=[PASSED]
"test_from_ndarray_c32_3d" end time: May 25 20:07 PDT
"test_from_ndarray_c32_3d" time elapsed: 00:00:00
----------------------------------------------------------

4/168 Testing: test_from_ndarray_c32_4d
4/168 Test: test_from_ndarray_c32_4d
Command: "/Users/yongfeiwang/software/kokkos-tutorials/Exercises/kokkos-fortran-interop/build/test/test_from_ndarray_c32_4d"
Directory: /Users/yongfeiwang/software/kokkos-tutorials/Exercises/kokkos-fortran-interop/build/test
"test_from_ndarray_c32_4d" start time: May 25 20:07 PDT
Output:
----------------------------------------------------------
Kokkos::OpenMP::initialize WARNING: OMP_PROC_BIND environment variable not set
  In general, for best performance with OpenMP 4.0 or better set OMP_PROC_BIND=spread and OMP_PLACES=threads
  For best performance with OpenMP 3.1 set OMP_PROC_BIND=true
  For unit testing set OMP_PROC_BIND=false
 PASSED from_ndarray_c32_4d
 f_sum =             (25200.0000,-25200.0000)
 c_sum =             (25200.0000,-25200.0000)
<end of output>
Test time =   0.14 sec
----------------------------------------------------------
Test Pass Reason:
Required regular expression found. Regex=[PASSED]
"test_from_ndarray_c32_4d" end time: May 25 20:07 PDT
"test_from_ndarray_c32_4d" time elapsed: 00:00:00
----------------------------------------------------------

5/168 Testing: test_from_ndarray_c32_5d
5/168 Test: test_from_ndarray_c32_5d
Command: "/Users/yongfeiwang/software/kokkos-tutorials/Exercises/kokkos-fortran-interop/build/test/test_from_ndarray_c32_5d"
Directory: /Users/yongfeiwang/software/kokkos-tutorials/Exercises/kokkos-fortran-interop/build/test
"test_from_ndarray_c32_5d" start time: May 25 20:07 PDT
Output:
----------------------------------------------------------
Kokkos::OpenMP::initialize WARNING: OMP_PROC_BIND environment variable not set
  In general, for best performance with OpenMP 4.0 or better set OMP_PROC_BIND=spread and OMP_PLACES=threads
  For best performance with OpenMP 3.1 set OMP_PROC_BIND=true
  For unit testing set OMP_PROC_BIND=false
 PASSED from_ndarray_c32_5d
 f_sum =             (117600.000,-117600.000)
 c_sum =             (117600.000,-117600.000)
<end of output>
Test time =   0.13 sec
----------------------------------------------------------
Test Pass Reason:
Required regular expression found. Regex=[PASSED]
"test_from_ndarray_c32_5d" end time: May 25 20:07 PDT
"test_from_ndarray_c32_5d" time elapsed: 00:00:00
----------------------------------------------------------

6/168 Testing: test_from_ndarray_c32_6d
6/168 Test: test_from_ndarray_c32_6d
Command: "/Users/yongfeiwang/software/kokkos-tutorials/Exercises/kokkos-fortran-interop/build/test/test_from_ndarray_c32_6d"
Directory: /Users/yongfeiwang/software/kokkos-tutorials/Exercises/kokkos-fortran-interop/build/test
"test_from_ndarray_c32_6d" start time: May 25 20:07 PDT
Output:
----------------------------------------------------------
Kokkos::OpenMP::initialize WARNING: OMP_PROC_BIND environment variable not set
  In general, for best performance with OpenMP 4.0 or better set OMP_PROC_BIND=spread and OMP_PLACES=threads
  For best performance with OpenMP 3.1 set OMP_PROC_BIND=true
  For unit testing set OMP_PROC_BIND=false
 PASSED from_ndarray_c32_6d
 f_sum =             (393120.000,-393120.000)
 c_sum =             (393120.000,-393120.000)
<end of output>
Test time =   0.14 sec
----------------------------------------------------------
Test Pass Reason:
Required regular expression found. Regex=[PASSED]
"test_from_ndarray_c32_6d" end time: May 25 20:07 PDT
"test_from_ndarray_c32_6d" time elapsed: 00:00:00
----------------------------------------------------------

7/168 Testing: test_from_ndarray_c32_7d
7/168 Test: test_from_ndarray_c32_7d
Command: "/Users/yongfeiwang/software/kokkos-tutorials/Exercises/kokkos-fortran-interop/build/test/test_from_ndarray_c32_7d"
Directory: /Users/yongfeiwang/software/kokkos-tutorials/Exercises/kokkos-fortran-interop/build/test
"test_from_ndarray_c32_7d" start time: May 25 20:07 PDT
Output:
----------------------------------------------------------
Kokkos::OpenMP::initialize WARNING: OMP_PROC_BIND environment variable not set
  In general, for best performance with OpenMP 4.0 or better set OMP_PROC_BIND=spread and OMP_PLACES=threads
  For best performance with OpenMP 3.1 set OMP_PROC_BIND=true
  For unit testing set OMP_PROC_BIND=false
 PASSED from_ndarray_c32_7d
 f_sum =             (846720.000,-846720.000)
 c_sum =             (846720.000,-846720.000)
<end of output>
Test time =   0.15 sec
----------------------------------------------------------
Test Pass Reason:
Required regular expression found. Regex=[PASSED]
"test_from_ndarray_c32_7d" end time: May 25 20:07 PDT
"test_from_ndarray_c32_7d" time elapsed: 00:00:00
----------------------------------------------------------

8/168 Testing: test_from_ndarray_c64_1d
8/168 Test: test_from_ndarray_c64_1d
Command: "/Users/yongfeiwang/software/kokkos-tutorials/Exercises/kokkos-fortran-interop/build/test/test_from_ndarray_c64_1d"
Directory: /Users/yongfeiwang/software/kokkos-tutorials/Exercises/kokkos-fortran-interop/build/test
"test_from_ndarray_c64_1d" start time: May 25 20:07 PDT
Output:
----------------------------------------------------------
Kokkos::OpenMP::initialize WARNING: OMP_PROC_BIND environment variable not set
  In general, for best performance with OpenMP 4.0 or better set OMP_PROC_BIND=spread and OMP_PLACES=threads
  For best performance with OpenMP 3.1 set OMP_PROC_BIND=true
  For unit testing set OMP_PROC_BIND=false
 PASSED from_ndarray_c64_1d
 f_sum =               (36.000000000000000,-36.000000000000000)
 c_sum =               (36.000000000000000,-36.000000000000000)
<end of output>
Test time =   0.14 sec
----------------------------------------------------------
Test Pass Reason:
Required regular expression found. Regex=[PASSED]
"test_from_ndarray_c64_1d" end time: May 25 20:07 PDT
"test_from_ndarray_c64_1d" time elapsed: 00:00:00
----------------------------------------------------------

9/168 Testing: test_from_ndarray_c64_2d
9/168 Test: test_from_ndarray_c64_2d
Command: "/Users/yongfeiwang/software/kokkos-tutorials/Exercises/kokkos-fortran-interop/build/test/test_from_ndarray_c64_2d"
Directory: /Users/yongfeiwang/software/kokkos-tutorials/Exercises/kokkos-fortran-interop/build/test
"test_from_ndarray_c64_2d" start time: May 25 20:07 PDT
Output:
----------------------------------------------------------
Kokkos::OpenMP::initialize WARNING: OMP_PROC_BIND environment variable not set
  In general, for best performance with OpenMP 4.0 or better set OMP_PROC_BIND=spread and OMP_PLACES=threads
  For best performance with OpenMP 3.1 set OMP_PROC_BIND=true
  For unit testing set OMP_PROC_BIND=false
 PASSED from_ndarray_c64_2d
 f_sum =               (476.00000000000000,-476.00000000000000)
 c_sum =               (476.00000000000000,-476.00000000000000)
<end of output>
Test time =   0.15 sec
----------------------------------------------------------
Test Pass Reason:
Required regular expression found. Regex=[PASSED]
"test_from_ndarray_c64_2d" end time: May 25 20:07 PDT
"test_from_ndarray_c64_2d" time elapsed: 00:00:00
----------------------------------------------------------

10/168 Testing: test_from_ndarray_c64_3d
10/168 Test: test_from_ndarray_c64_3d
Command: "/Users/yongfeiwang/software/kokkos-tutorials/Exercises/kokkos-fortran-interop/build/test/test_from_ndarray_c64_3d"
Directory: /Users/yongfeiwang/software/kokkos-tutorials/Exercises/kokkos-fortran-interop/build/test
"test_from_ndarray_c64_3d" start time: May 25 20:07 PDT
Output:
----------------------------------------------------------
Kokkos::OpenMP::initialize WARNING: OMP_PROC_BIND environment variable not set
  In general, for best performance with OpenMP 4.0 or better set OMP_PROC_BIND=spread and OMP_PLACES=threads
  For best performance with OpenMP 3.1 set OMP_PROC_BIND=true
  For unit testing set OMP_PROC_BIND=false
 PASSED from_ndarray_c64_3d
 f_sum =               (4032.0000000000000,-4032.0000000000000)
 c_sum =               (4032.0000000000000,-4032.0000000000000)
<end of output>
Test time =   0.13 sec
----------------------------------------------------------
Test Pass Reason:
Required regular expression found. Regex=[PASSED]
"test_from_ndarray_c64_3d" end time: May 25 20:07 PDT
"test_from_ndarray_c64_3d" time elapsed: 00:00:00
----------------------------------------------------------

11/168 Testing: test_from_ndarray_c64_4d
11/168 Test: test_from_ndarray_c64_4d
Command: "/Users/yongfeiwang/software/kokkos-tutorials/Exercises/kokkos-fortran-interop/build/test/test_from_ndarray_c64_4d"
Directory: /Users/yongfeiwang/software/kokkos-tutorials/Exercises/kokkos-fortran-interop/build/test
"test_from_ndarray_c64_4d" start time: May 25 20:07 PDT
Output:
----------------------------------------------------------
Kokkos::OpenMP::initialize WARNING: OMP_PROC_BIND environment variable not set
  In general, for best performance with OpenMP 4.0 or better set OMP_PROC_BIND=spread and OMP_PLACES=threads
  For best performance with OpenMP 3.1 set OMP_PROC_BIND=true
  For unit testing set OMP_PROC_BIND=false
 PASSED from_ndarray_c64_4d
 f_sum =               (25200.000000000000,-25200.000000000000)
 c_sum =               (25200.000000000000,-25200.000000000000)
<end of output>
Test time =   0.14 sec
----------------------------------------------------------
Test Pass Reason:
Required regular expression found. Regex=[PASSED]
"test_from_ndarray_c64_4d" end time: May 25 20:07 PDT
"test_from_ndarray_c64_4d" time elapsed: 00:00:00
----------------------------------------------------------

12/168 Testing: test_from_ndarray_c64_5d
12/168 Test: test_from_ndarray_c64_5d
Command: "/Users/yongfeiwang/software/kokkos-tutorials/Exercises/kokkos-fortran-interop/build/test/test_from_ndarray_c64_5d"
Directory: /Users/yongfeiwang/software/kokkos-tutorials/Exercises/kokkos-fortran-interop/build/test
"test_from_ndarray_c64_5d" start time: May 25 20:07 PDT
Output:
----------------------------------------------------------
Kokkos::OpenMP::initialize WARNING: OMP_PROC_BIND environment variable not set
  In general, for best performance with OpenMP 4.0 or better set OMP_PROC_BIND=spread and OMP_PLACES=threads
  For best performance with OpenMP 3.1 set OMP_PROC_BIND=true
  For unit testing set OMP_PROC_BIND=false
 PASSED from_ndarray_c64_5d
 f_sum =               (117600.00000000000,-117600.00000000000)
 c_sum =               (117600.00000000000,-117600.00000000000)
<end of output>
Test time =   0.13 sec
----------------------------------------------------------
Test Pass Reason:
Required regular expression found. Regex=[PASSED]
"test_from_ndarray_c64_5d" end time: May 25 20:07 PDT
"test_from_ndarray_c64_5d" time elapsed: 00:00:00
----------------------------------------------------------

13/168 Testing: test_from_ndarray_c64_6d
13/168 Test: test_from_ndarray_c64_6d
Command: "/Users/yongfeiwang/software/kokkos-tutorials/Exercises/kokkos-fortran-interop/build/test/test_from_ndarray_c64_6d"
Directory: /Users/yongfeiwang/software/kokkos-tutorials/Exercises/kokkos-fortran-interop/build/test
"test_from_ndarray_c64_6d" start time: May 25 20:07 PDT
Output:
----------------------------------------------------------
Kokkos::OpenMP::initialize WARNING: OMP_PROC_BIND environment variable not set
  In general, for best performance with OpenMP 4.0 or better set OMP_PROC_BIND=spread and OMP_PLACES=threads
  For best performance with OpenMP 3.1 set OMP_PROC_BIND=true
  For unit testing set OMP_PROC_BIND=false
 PASSED from_ndarray_c64_6d
 f_sum =               (393120.00000000000,-393120.00000000000)
 c_sum =               (393120.00000000000,-393120.00000000000)
<end of output>
Test time =   0.14 sec
----------------------------------------------------------
Test Pass Reason:
Required regular expression found. Regex=[PASSED]
"test_from_ndarray_c64_6d" end time: May 25 20:07 PDT
"test_from_ndarray_c64_6d" time elapsed: 00:00:00
----------------------------------------------------------

14/168 Testing: test_from_ndarray_c64_7d
14/168 Test: test_from_ndarray_c64_7d
Command: "/Users/yongfeiwang/software/kokkos-tutorials/Exercises/kokkos-fortran-interop/build/test/test_from_ndarray_c64_7d"
Directory: /Users/yongfeiwang/software/kokkos-tutorials/Exercises/kokkos-fortran-interop/build/test
"test_from_ndarray_c64_7d" start time: May 25 20:07 PDT
Output:
----------------------------------------------------------
Kokkos::OpenMP::initialize WARNING: OMP_PROC_BIND environment variable not set
  In general, for best performance with OpenMP 4.0 or better set OMP_PROC_BIND=spread and OMP_PLACES=threads
  For best performance with OpenMP 3.1 set OMP_PROC_BIND=true
  For unit testing set OMP_PROC_BIND=false
 PASSED from_ndarray_c64_7d
 f_sum =               (846720.00000000000,-846720.00000000000)
 c_sum =               (846720.00000000000,-846720.00000000000)
<end of output>
Test time =   0.15 sec
----------------------------------------------------------
Test Pass Reason:
Required regular expression found. Regex=[PASSED]
"test_from_ndarray_c64_7d" end time: May 25 20:07 PDT
"test_from_ndarray_c64_7d" time elapsed: 00:00:00
----------------------------------------------------------

15/168 Testing: test_from_ndarray_i32_1d
15/168 Test: test_from_ndarray_i32_1d
Command: "/Users/yongfeiwang/software/kokkos-tutorials/Exercises/kokkos-fortran-interop/build/test/test_from_ndarray_i32_1d"
Directory: /Users/yongfeiwang/software/kokkos-tutorials/Exercises/kokkos-fortran-interop/build/test
"test_from_ndarray_i32_1d" start time: May 25 20:07 PDT
Output:
----------------------------------------------------------
Kokkos::OpenMP::initialize WARNING: OMP_PROC_BIND environment variable not set
  In general, for best performance with OpenMP 4.0 or better set OMP_PROC_BIND=spread and OMP_PLACES=threads
  For best performance with OpenMP 3.1 set OMP_PROC_BIND=true
  For unit testing set OMP_PROC_BIND=false
 PASSED from_ndarray_i32_1d
 f_sum =           36
 c_sum =           36
<end of output>
Test time =   0.14 sec
----------------------------------------------------------
Test Pass Reason:
Required regular expression found. Regex=[PASSED]
"test_from_ndarray_i32_1d" end time: May 25 20:07 PDT
"test_from_ndarray_i32_1d" time elapsed: 00:00:00
----------------------------------------------------------

16/168 Testing: test_from_ndarray_i32_2d
16/168 Test: test_from_ndarray_i32_2d
Command: "/Users/yongfeiwang/software/kokkos-tutorials/Exercises/kokkos-fortran-interop/build/test/test_from_ndarray_i32_2d"
Directory: /Users/yongfeiwang/software/kokkos-tutorials/Exercises/kokkos-fortran-interop/build/test
"test_from_ndarray_i32_2d" start time: May 25 20:07 PDT
Output:
----------------------------------------------------------
Kokkos::OpenMP::initialize WARNING: OMP_PROC_BIND environment variable not set
  In general, for best performance with OpenMP 4.0 or better set OMP_PROC_BIND=spread and OMP_PLACES=threads
  For best performance with OpenMP 3.1 set OMP_PROC_BIND=true
  For unit testing set OMP_PROC_BIND=false
 PASSED from_ndarray_i32_2d
 f_sum =          476
 c_sum =          476
<end of output>
Test time =   0.13 sec
----------------------------------------------------------
Test Pass Reason:
Required regular expression found. Regex=[PASSED]
"test_from_ndarray_i32_2d" end time: May 25 20:07 PDT
"test_from_ndarray_i32_2d" time elapsed: 00:00:00
----------------------------------------------------------

17/168 Testing: test_from_ndarray_i32_3d
17/168 Test: test_from_ndarray_i32_3d
Command: "/Users/yongfeiwang/software/kokkos-tutorials/Exercises/kokkos-fortran-interop/build/test/test_from_ndarray_i32_3d"
Directory: /Users/yongfeiwang/software/kokkos-tutorials/Exercises/kokkos-fortran-interop/build/test
"test_from_ndarray_i32_3d" start time: May 25 20:07 PDT
Output:
----------------------------------------------------------
Kokkos::OpenMP::initialize WARNING: OMP_PROC_BIND environment variable not set
  In general, for best performance with OpenMP 4.0 or better set OMP_PROC_BIND=spread and OMP_PLACES=threads
  For best performance with OpenMP 3.1 set OMP_PROC_BIND=true
  For unit testing set OMP_PROC_BIND=false
 PASSED from_ndarray_i32_3d
 f_sum =         4032
 c_sum =         4032
<end of output>
Test time =   0.14 sec
----------------------------------------------------------
Test Pass Reason:
Required regular expression found. Regex=[PASSED]
"test_from_ndarray_i32_3d" end time: May 25 20:07 PDT
"test_from_ndarray_i32_3d" time elapsed: 00:00:00
----------------------------------------------------------

18/168 Testing: test_from_ndarray_i32_4d
18/168 Test: test_from_ndarray_i32_4d
Command: "/Users/yongfeiwang/software/kokkos-tutorials/Exercises/kokkos-fortran-interop/build/test/test_from_ndarray_i32_4d"
Directory: /Users/yongfeiwang/software/kokkos-tutorials/Exercises/kokkos-fortran-interop/build/test
"test_from_ndarray_i32_4d" start time: May 25 20:07 PDT
Output:
----------------------------------------------------------
Kokkos::OpenMP::initialize WARNING: OMP_PROC_BIND environment variable not set
  In general, for best performance with OpenMP 4.0 or better set OMP_PROC_BIND=spread and OMP_PLACES=threads
  For best performance with OpenMP 3.1 set OMP_PROC_BIND=true
  For unit testing set OMP_PROC_BIND=false
 PASSED from_ndarray_i32_4d
 f_sum =        25200
 c_sum =        25200
<end of output>
Test time =   0.14 sec
----------------------------------------------------------
Test Pass Reason:
Required regular expression found. Regex=[PASSED]
"test_from_ndarray_i32_4d" end time: May 25 20:07 PDT
"test_from_ndarray_i32_4d" time elapsed: 00:00:00
----------------------------------------------------------

19/168 Testing: test_from_ndarray_i32_5d
19/168 Test: test_from_ndarray_i32_5d
Command: "/Users/yongfeiwang/software/kokkos-tutorials/Exercises/kokkos-fortran-interop/build/test/test_from_ndarray_i32_5d"
Directory: /Users/yongfeiwang/software/kokkos-tutorials/Exercises/kokkos-fortran-interop/build/test
"test_from_ndarray_i32_5d" start time: May 25 20:07 PDT
Output:
----------------------------------------------------------
Kokkos::OpenMP::initialize WARNING: OMP_PROC_BIND environment variable not set
  In general, for best performance with OpenMP 4.0 or better set OMP_PROC_BIND=spread and OMP_PLACES=threads
  For best performance with OpenMP 3.1 set OMP_PROC_BIND=true
  For unit testing set OMP_PROC_BIND=false
 PASSED from_ndarray_i32_5d
 f_sum =       117600
 c_sum =       117600
<end of output>
Test time =   0.14 sec
----------------------------------------------------------
Test Pass Reason:
Required regular expression found. Regex=[PASSED]
"test_from_ndarray_i32_5d" end time: May 25 20:07 PDT
"test_from_ndarray_i32_5d" time elapsed: 00:00:00
----------------------------------------------------------

20/168 Testing: test_from_ndarray_i32_6d
20/168 Test: test_from_ndarray_i32_6d
Command: "/Users/yongfeiwang/software/kokkos-tutorials/Exercises/kokkos-fortran-interop/build/test/test_from_ndarray_i32_6d"
Directory: /Users/yongfeiwang/software/kokkos-tutorials/Exercises/kokkos-fortran-interop/build/test
"test_from_ndarray_i32_6d" start time: May 25 20:07 PDT
Output:
----------------------------------------------------------
Kokkos::OpenMP::initialize WARNING: OMP_PROC_BIND environment variable not set
  In general, for best performance with OpenMP 4.0 or better set OMP_PROC_BIND=spread and OMP_PLACES=threads
  For best performance with OpenMP 3.1 set OMP_PROC_BIND=true
  For unit testing set OMP_PROC_BIND=false
 PASSED from_ndarray_i32_6d
 f_sum =       393120
 c_sum =       393120
<end of output>
Test time =   0.14 sec
----------------------------------------------------------
Test Pass Reason:
Required regular expression found. Regex=[PASSED]
"test_from_ndarray_i32_6d" end time: May 25 20:07 PDT
"test_from_ndarray_i32_6d" time elapsed: 00:00:00
----------------------------------------------------------

21/168 Testing: test_from_ndarray_i32_7d
21/168 Test: test_from_ndarray_i32_7d
Command: "/Users/yongfeiwang/software/kokkos-tutorials/Exercises/kokkos-fortran-interop/build/test/test_from_ndarray_i32_7d"
Directory: /Users/yongfeiwang/software/kokkos-tutorials/Exercises/kokkos-fortran-interop/build/test
"test_from_ndarray_i32_7d" start time: May 25 20:07 PDT
Output:
----------------------------------------------------------
Kokkos::OpenMP::initialize WARNING: OMP_PROC_BIND environment variable not set
  In general, for best performance with OpenMP 4.0 or better set OMP_PROC_BIND=spread and OMP_PLACES=threads
  For best performance with OpenMP 3.1 set OMP_PROC_BIND=true
  For unit testing set OMP_PROC_BIND=false
 PASSED from_ndarray_i32_7d
 f_sum =       846720
 c_sum =       846720
<end of output>
Test time =   0.13 sec
----------------------------------------------------------
Test Pass Reason:
Required regular expression found. Regex=[PASSED]
"test_from_ndarray_i32_7d" end time: May 25 20:07 PDT
"test_from_ndarray_i32_7d" time elapsed: 00:00:00
----------------------------------------------------------

22/168 Testing: test_from_ndarray_i64_1d
22/168 Test: test_from_ndarray_i64_1d
Command: "/Users/yongfeiwang/software/kokkos-tutorials/Exercises/kokkos-fortran-interop/build/test/test_from_ndarray_i64_1d"
Directory: /Users/yongfeiwang/software/kokkos-tutorials/Exercises/kokkos-fortran-interop/build/test
"test_from_ndarray_i64_1d" start time: May 25 20:07 PDT
Output:
----------------------------------------------------------
Kokkos::OpenMP::initialize WARNING: OMP_PROC_BIND environment variable not set
  In general, for best performance with OpenMP 4.0 or better set OMP_PROC_BIND=spread and OMP_PLACES=threads
  For best performance with OpenMP 3.1 set OMP_PROC_BIND=true
  For unit testing set OMP_PROC_BIND=false
 PASSED from_ndarray_i64_1d
 f_sum =                    36
 c_sum =                    36
<end of output>
Test time =   0.14 sec
----------------------------------------------------------
Test Pass Reason:
Required regular expression found. Regex=[PASSED]
"test_from_ndarray_i64_1d" end time: May 25 20:07 PDT
"test_from_ndarray_i64_1d" time elapsed: 00:00:00
----------------------------------------------------------

23/168 Testing: test_from_ndarray_i64_2d
23/168 Test: test_from_ndarray_i64_2d
Command: "/Users/yongfeiwang/software/kokkos-tutorials/Exercises/kokkos-fortran-interop/build/test/test_from_ndarray_i64_2d"
Directory: /Users/yongfeiwang/software/kokkos-tutorials/Exercises/kokkos-fortran-interop/build/test
"test_from_ndarray_i64_2d" start time: May 25 20:07 PDT
Output:
----------------------------------------------------------
Kokkos::OpenMP::initialize WARNING: OMP_PROC_BIND environment variable not set
  In general, for best performance with OpenMP 4.0 or better set OMP_PROC_BIND=spread and OMP_PLACES=threads
  For best performance with OpenMP 3.1 set OMP_PROC_BIND=true
  For unit testing set OMP_PROC_BIND=false
 PASSED from_ndarray_i64_2d
 f_sum =                   476
 c_sum =                   476
<end of output>
Test time =   0.13 sec
----------------------------------------------------------
Test Pass Reason:
Required regular expression found. Regex=[PASSED]
"test_from_ndarray_i64_2d" end time: May 25 20:07 PDT
"test_from_ndarray_i64_2d" time elapsed: 00:00:00
----------------------------------------------------------

24/168 Testing: test_from_ndarray_i64_3d
24/168 Test: test_from_ndarray_i64_3d
Command: "/Users/yongfeiwang/software/kokkos-tutorials/Exercises/kokkos-fortran-interop/build/test/test_from_ndarray_i64_3d"
Directory: /Users/yongfeiwang/software/kokkos-tutorials/Exercises/kokkos-fortran-interop/build/test
"test_from_ndarray_i64_3d" start time: May 25 20:07 PDT
Output:
----------------------------------------------------------
Kokkos::OpenMP::initialize WARNING: OMP_PROC_BIND environment variable not set
  In general, for best performance with OpenMP 4.0 or better set OMP_PROC_BIND=spread and OMP_PLACES=threads
  For best performance with OpenMP 3.1 set OMP_PROC_BIND=true
  For unit testing set OMP_PROC_BIND=false
 PASSED from_ndarray_i64_3d
 f_sum =                  4032
 c_sum =                  4032
<end of output>
Test time =   0.14 sec
----------------------------------------------------------
Test Pass Reason:
Required regular expression found. Regex=[PASSED]
"test_from_ndarray_i64_3d" end time: May 25 20:07 PDT
"test_from_ndarray_i64_3d" time elapsed: 00:00:00
----------------------------------------------------------

25/168 Testing: test_from_ndarray_i64_4d
25/168 Test: test_from_ndarray_i64_4d
Command: "/Users/yongfeiwang/software/kokkos-tutorials/Exercises/kokkos-fortran-interop/build/test/test_from_ndarray_i64_4d"
Directory: /Users/yongfeiwang/software/kokkos-tutorials/Exercises/kokkos-fortran-interop/build/test
"test_from_ndarray_i64_4d" start time: May 25 20:07 PDT
Output:
----------------------------------------------------------
Kokkos::OpenMP::initialize WARNING: OMP_PROC_BIND environment variable not set
  In general, for best performance with OpenMP 4.0 or better set OMP_PROC_BIND=spread and OMP_PLACES=threads
  For best performance with OpenMP 3.1 set OMP_PROC_BIND=true
  For unit testing set OMP_PROC_BIND=false
 PASSED from_ndarray_i64_4d
 f_sum =                 25200
 c_sum =                 25200
<end of output>
Test time =   0.13 sec
----------------------------------------------------------
Test Pass Reason:
Required regular expression found. Regex=[PASSED]
"test_from_ndarray_i64_4d" end time: May 25 20:07 PDT
"test_from_ndarray_i64_4d" time elapsed: 00:00:00
----------------------------------------------------------

26/168 Testing: test_from_ndarray_i64_5d
26/168 Test: test_from_ndarray_i64_5d
Command: "/Users/yongfeiwang/software/kokkos-tutorials/Exercises/kokkos-fortran-interop/build/test/test_from_ndarray_i64_5d"
Directory: /Users/yongfeiwang/software/kokkos-tutorials/Exercises/kokkos-fortran-interop/build/test
"test_from_ndarray_i64_5d" start time: May 25 20:07 PDT
Output:
----------------------------------------------------------
Kokkos::OpenMP::initialize WARNING: OMP_PROC_BIND environment variable not set
  In general, for best performance with OpenMP 4.0 or better set OMP_PROC_BIND=spread and OMP_PLACES=threads
  For best performance with OpenMP 3.1 set OMP_PROC_BIND=true
  For unit testing set OMP_PROC_BIND=false
 PASSED from_ndarray_i64_5d
 f_sum =                117600
 c_sum =                117600
<end of output>
Test time =   0.14 sec
----------------------------------------------------------
Test Pass Reason:
Required regular expression found. Regex=[PASSED]
"test_from_ndarray_i64_5d" end time: May 25 20:07 PDT
"test_from_ndarray_i64_5d" time elapsed: 00:00:00
----------------------------------------------------------

27/168 Testing: test_from_ndarray_i64_6d
27/168 Test: test_from_ndarray_i64_6d
Command: "/Users/yongfeiwang/software/kokkos-tutorials/Exercises/kokkos-fortran-interop/build/test/test_from_ndarray_i64_6d"
Directory: /Users/yongfeiwang/software/kokkos-tutorials/Exercises/kokkos-fortran-interop/build/test
"test_from_ndarray_i64_6d" start time: May 25 20:07 PDT
Output:
----------------------------------------------------------
Kokkos::OpenMP::initialize WARNING: OMP_PROC_BIND environment variable not set
  In general, for best performance with OpenMP 4.0 or better set OMP_PROC_BIND=spread and OMP_PLACES=threads
  For best performance with OpenMP 3.1 set OMP_PROC_BIND=true
  For unit testing set OMP_PROC_BIND=false
 PASSED from_ndarray_i64_6d
 f_sum =                393120
 c_sum =                393120
<end of output>
Test time =   0.22 sec
----------------------------------------------------------
Test Pass Reason:
Required regular expression found. Regex=[PASSED]
"test_from_ndarray_i64_6d" end time: May 25 20:07 PDT
"test_from_ndarray_i64_6d" time elapsed: 00:00:00
----------------------------------------------------------

28/168 Testing: test_from_ndarray_i64_7d
28/168 Test: test_from_ndarray_i64_7d
Command: "/Users/yongfeiwang/software/kokkos-tutorials/Exercises/kokkos-fortran-interop/build/test/test_from_ndarray_i64_7d"
Directory: /Users/yongfeiwang/software/kokkos-tutorials/Exercises/kokkos-fortran-interop/build/test
"test_from_ndarray_i64_7d" start time: May 25 20:07 PDT
Output:
----------------------------------------------------------
Kokkos::OpenMP::initialize WARNING: OMP_PROC_BIND environment variable not set
  In general, for best performance with OpenMP 4.0 or better set OMP_PROC_BIND=spread and OMP_PLACES=threads
  For best performance with OpenMP 3.1 set OMP_PROC_BIND=true
  For unit testing set OMP_PROC_BIND=false
 PASSED from_ndarray_i64_7d
 f_sum =                846720
 c_sum =                846720
<end of output>
Test time =   0.14 sec
----------------------------------------------------------
Test Pass Reason:
Required regular expression found. Regex=[PASSED]
"test_from_ndarray_i64_7d" end time: May 25 20:07 PDT
"test_from_ndarray_i64_7d" time elapsed: 00:00:00
----------------------------------------------------------

29/168 Testing: test_from_ndarray_l_1d
29/168 Test: test_from_ndarray_l_1d
Command: "/Users/yongfeiwang/software/kokkos-tutorials/Exercises/kokkos-fortran-interop/build/test/test_from_ndarray_l_1d"
Directory: /Users/yongfeiwang/software/kokkos-tutorials/Exercises/kokkos-fortran-interop/build/test
"test_from_ndarray_l_1d" start time: May 25 20:07 PDT
Output:
----------------------------------------------------------
Kokkos::OpenMP::initialize WARNING: OMP_PROC_BIND environment variable not set
  In general, for best performance with OpenMP 4.0 or better set OMP_PROC_BIND=spread and OMP_PLACES=threads
  For best performance with OpenMP 3.1 set OMP_PROC_BIND=true
  For unit testing set OMP_PROC_BIND=false
 PASSED from_ndarray_l_1d
 f_sum =                     8
 c_sum =                     8
<end of output>
Test time =   0.13 sec
----------------------------------------------------------
Test Pass Reason:
Required regular expression found. Regex=[PASSED]
"test_from_ndarray_l_1d" end time: May 25 20:07 PDT
"test_from_ndarray_l_1d" time elapsed: 00:00:00
----------------------------------------------------------

30/168 Testing: test_from_ndarray_l_2d
30/168 Test: test_from_ndarray_l_2d
Command: "/Users/yongfeiwang/software/kokkos-tutorials/Exercises/kokkos-fortran-interop/build/test/test_from_ndarray_l_2d"
Directory: /Users/yongfeiwang/software/kokkos-tutorials/Exercises/kokkos-fortran-interop/build/test
"test_from_ndarray_l_2d" start time: May 25 20:07 PDT
Output:
----------------------------------------------------------
Kokkos::OpenMP::initialize WARNING: OMP_PROC_BIND environment variable not set
  In general, for best performance with OpenMP 4.0 or better set OMP_PROC_BIND=spread and OMP_PLACES=threads
  For best performance with OpenMP 3.1 set OMP_PROC_BIND=true
  For unit testing set OMP_PROC_BIND=false
 PASSED from_ndarray_l_2d
 f_sum =                    56
 c_sum =                    56
<end of output>
Test time =   0.14 sec
----------------------------------------------------------
Test Pass Reason:
Required regular expression found. Regex=[PASSED]
"test_from_ndarray_l_2d" end time: May 25 20:07 PDT
"test_from_ndarray_l_2d" time elapsed: 00:00:00
----------------------------------------------------------

31/168 Testing: test_from_ndarray_l_3d
31/168 Test: test_from_ndarray_l_3d
Command: "/Users/yongfeiwang/software/kokkos-tutorials/Exercises/kokkos-fortran-interop/build/test/test_from_ndarray_l_3d"
Directory: /Users/yongfeiwang/software/kokkos-tutorials/Exercises/kokkos-fortran-interop/build/test
"test_from_ndarray_l_3d" start time: May 25 20:07 PDT
Output:
----------------------------------------------------------
Kokkos::OpenMP::initialize WARNING: OMP_PROC_BIND environment variable not set
  In general, for best performance with OpenMP 4.0 or better set OMP_PROC_BIND=spread and OMP_PLACES=threads
  For best performance with OpenMP 3.1 set OMP_PROC_BIND=true
  For unit testing set OMP_PROC_BIND=false
 PASSED from_ndarray_l_3d
 f_sum =                   336
 c_sum =                   336
<end of output>
Test time =   0.14 sec
----------------------------------------------------------
Test Pass Reason:
Required regular expression found. Regex=[PASSED]
"test_from_ndarray_l_3d" end time: May 25 20:07 PDT
"test_from_ndarray_l_3d" time elapsed: 00:00:00
----------------------------------------------------------

32/168 Testing: test_from_ndarray_l_4d
32/168 Test: test_from_ndarray_l_4d
Command: "/Users/yongfeiwang/software/kokkos-tutorials/Exercises/kokkos-fortran-interop/build/test/test_from_ndarray_l_4d"
Directory: /Users/yongfeiwang/software/kokkos-tutorials/Exercises/kokkos-fortran-interop/build/test
"test_from_ndarray_l_4d" start time: May 25 20:07 PDT
Output:
----------------------------------------------------------
Kokkos::OpenMP::initialize WARNING: OMP_PROC_BIND environment variable not set
  In general, for best performance with OpenMP 4.0 or better set OMP_PROC_BIND=spread and OMP_PLACES=threads
  For best performance with OpenMP 3.1 set OMP_PROC_BIND=true
  For unit testing set OMP_PROC_BIND=false
 PASSED from_ndarray_l_4d
 f_sum =                  1680
 c_sum =                  1680
<end of output>
Test time =   0.13 sec
----------------------------------------------------------
Test Pass Reason:
Required regular expression found. Regex=[PASSED]
"test_from_ndarray_l_4d" end time: May 25 20:07 PDT
"test_from_ndarray_l_4d" time elapsed: 00:00:00
----------------------------------------------------------

33/168 Testing: test_from_ndarray_l_5d
33/168 Test: test_from_ndarray_l_5d
Command: "/Users/yongfeiwang/software/kokkos-tutorials/Exercises/kokkos-fortran-interop/build/test/test_from_ndarray_l_5d"
Directory: /Users/yongfeiwang/software/kokkos-tutorials/Exercises/kokkos-fortran-interop/build/test
"test_from_ndarray_l_5d" start time: May 25 20:07 PDT
Output:
----------------------------------------------------------
Kokkos::OpenMP::initialize WARNING: OMP_PROC_BIND environment variable not set
  In general, for best performance with OpenMP 4.0 or better set OMP_PROC_BIND=spread and OMP_PLACES=threads
  For best performance with OpenMP 3.1 set OMP_PROC_BIND=true
  For unit testing set OMP_PROC_BIND=false
 PASSED from_ndarray_l_5d
 f_sum =                  6720
 c_sum =                  6720
<end of output>
Test time =   0.14 sec
----------------------------------------------------------
Test Pass Reason:
Required regular expression found. Regex=[PASSED]
"test_from_ndarray_l_5d" end time: May 25 20:07 PDT
"test_from_ndarray_l_5d" time elapsed: 00:00:00
----------------------------------------------------------

34/168 Testing: test_from_ndarray_l_6d
34/168 Test: test_from_ndarray_l_6d
Command: "/Users/yongfeiwang/software/kokkos-tutorials/Exercises/kokkos-fortran-interop/build/test/test_from_ndarray_l_6d"
Directory: /Users/yongfeiwang/software/kokkos-tutorials/Exercises/kokkos-fortran-interop/build/test
"test_from_ndarray_l_6d" start time: May 25 20:07 PDT
Output:
----------------------------------------------------------
Kokkos::OpenMP::initialize WARNING: OMP_PROC_BIND environment variable not set
  In general, for best performance with OpenMP 4.0 or better set OMP_PROC_BIND=spread and OMP_PLACES=threads
  For best performance with OpenMP 3.1 set OMP_PROC_BIND=true
  For unit testing set OMP_PROC_BIND=false
 PASSED from_ndarray_l_6d
 f_sum =                 20160
 c_sum =                 20160
<end of output>
Test time =   0.13 sec
----------------------------------------------------------
Test Pass Reason:
Required regular expression found. Regex=[PASSED]
"test_from_ndarray_l_6d" end time: May 25 20:07 PDT
"test_from_ndarray_l_6d" time elapsed: 00:00:00
----------------------------------------------------------

35/168 Testing: test_from_ndarray_l_7d
35/168 Test: test_from_ndarray_l_7d
Command: "/Users/yongfeiwang/software/kokkos-tutorials/Exercises/kokkos-fortran-interop/build/test/test_from_ndarray_l_7d"
Directory: /Users/yongfeiwang/software/kokkos-tutorials/Exercises/kokkos-fortran-interop/build/test
"test_from_ndarray_l_7d" start time: May 25 20:07 PDT
Output:
----------------------------------------------------------
Kokkos::OpenMP::initialize WARNING: OMP_PROC_BIND environment variable not set
  In general, for best performance with OpenMP 4.0 or better set OMP_PROC_BIND=spread and OMP_PLACES=threads
  For best performance with OpenMP 3.1 set OMP_PROC_BIND=true
  For unit testing set OMP_PROC_BIND=false
 PASSED from_ndarray_l_7d
 f_sum =                 40320
 c_sum =                 40320
<end of output>
Test time =   0.14 sec
----------------------------------------------------------
Test Pass Reason:
Required regular expression found. Regex=[PASSED]
"test_from_ndarray_l_7d" end time: May 25 20:07 PDT
"test_from_ndarray_l_7d" time elapsed: 00:00:00
----------------------------------------------------------

36/168 Testing: test_from_ndarray_r32_1d
36/168 Test: test_from_ndarray_r32_1d
Command: "/Users/yongfeiwang/software/kokkos-tutorials/Exercises/kokkos-fortran-interop/build/test/test_from_ndarray_r32_1d"
Directory: /Users/yongfeiwang/software/kokkos-tutorials/Exercises/kokkos-fortran-interop/build/test
"test_from_ndarray_r32_1d" start time: May 25 20:07 PDT
Output:
----------------------------------------------------------
Kokkos::OpenMP::initialize WARNING: OMP_PROC_BIND environment variable not set
  In general, for best performance with OpenMP 4.0 or better set OMP_PROC_BIND=spread and OMP_PLACES=threads
  For best performance with OpenMP 3.1 set OMP_PROC_BIND=true
  For unit testing set OMP_PROC_BIND=false
 PASSED from_ndarray_r32_1d
 f_sum =    36.0000000    
 c_sum =    36.0000000    
<end of output>
Test time =   0.14 sec
----------------------------------------------------------
Test Pass Reason:
Required regular expression found. Regex=[PASSED]
"test_from_ndarray_r32_1d" end time: May 25 20:07 PDT
"test_from_ndarray_r32_1d" time elapsed: 00:00:00
----------------------------------------------------------

37/168 Testing: test_from_ndarray_r32_2d
37/168 Test: test_from_ndarray_r32_2d
Command: "/Users/yongfeiwang/software/kokkos-tutorials/Exercises/kokkos-fortran-interop/build/test/test_from_ndarray_r32_2d"
Directory: /Users/yongfeiwang/software/kokkos-tutorials/Exercises/kokkos-fortran-interop/build/test
"test_from_ndarray_r32_2d" start time: May 25 20:07 PDT
Output:
----------------------------------------------------------
Kokkos::OpenMP::initialize WARNING: OMP_PROC_BIND environment variable not set
  In general, for best performance with OpenMP 4.0 or better set OMP_PROC_BIND=spread and OMP_PLACES=threads
  For best performance with OpenMP 3.1 set OMP_PROC_BIND=true
  For unit testing set OMP_PROC_BIND=false
 PASSED from_ndarray_r32_2d
 f_sum =    476.000000    
 c_sum =    476.000000    
<end of output>
Test time =   0.13 sec
----------------------------------------------------------
Test Pass Reason:
Required regular expression found. Regex=[PASSED]
"test_from_ndarray_r32_2d" end time: May 25 20:07 PDT
"test_from_ndarray_r32_2d" time elapsed: 00:00:00
----------------------------------------------------------

38/168 Testing: test_from_ndarray_r32_3d
38/168 Test: test_from_ndarray_r32_3d
Command: "/Users/yongfeiwang/software/kokkos-tutorials/Exercises/kokkos-fortran-interop/build/test/test_from_ndarray_r32_3d"
Directory: /Users/yongfeiwang/software/kokkos-tutorials/Exercises/kokkos-fortran-interop/build/test
"test_from_ndarray_r32_3d" start time: May 25 20:07 PDT
Output:
----------------------------------------------------------
Kokkos::OpenMP::initialize WARNING: OMP_PROC_BIND environment variable not set
  In general, for best performance with OpenMP 4.0 or better set OMP_PROC_BIND=spread and OMP_PLACES=threads
  For best performance with OpenMP 3.1 set OMP_PROC_BIND=true
  For unit testing set OMP_PROC_BIND=false
 PASSED from_ndarray_r32_3d
 f_sum =    4032.00000    
 c_sum =    4032.00000    
<end of output>
Test time =   0.13 sec
----------------------------------------------------------
Test Pass Reason:
Required regular expression found. Regex=[PASSED]
"test_from_ndarray_r32_3d" end time: May 25 20:07 PDT
"test_from_ndarray_r32_3d" time elapsed: 00:00:00
----------------------------------------------------------

39/168 Testing: test_from_ndarray_r32_4d
39/168 Test: test_from_ndarray_r32_4d
Command: "/Users/yongfeiwang/software/kokkos-tutorials/Exercises/kokkos-fortran-interop/build/test/test_from_ndarray_r32_4d"
Directory: /Users/yongfeiwang/software/kokkos-tutorials/Exercises/kokkos-fortran-interop/build/test
"test_from_ndarray_r32_4d" start time: May 25 20:07 PDT
Output:
----------------------------------------------------------
Kokkos::OpenMP::initialize WARNING: OMP_PROC_BIND environment variable not set
  In general, for best performance with OpenMP 4.0 or better set OMP_PROC_BIND=spread and OMP_PLACES=threads
  For best performance with OpenMP 3.1 set OMP_PROC_BIND=true
  For unit testing set OMP_PROC_BIND=false
 PASSED from_ndarray_r32_4d
 f_sum =    25200.0000    
 c_sum =    25200.0000    
<end of output>
Test time =   0.15 sec
----------------------------------------------------------
Test Pass Reason:
Required regular expression found. Regex=[PASSED]
"test_from_ndarray_r32_4d" end time: May 25 20:07 PDT
"test_from_ndarray_r32_4d" time elapsed: 00:00:00
----------------------------------------------------------

40/168 Testing: test_from_ndarray_r32_5d
40/168 Test: test_from_ndarray_r32_5d
Command: "/Users/yongfeiwang/software/kokkos-tutorials/Exercises/kokkos-fortran-interop/build/test/test_from_ndarray_r32_5d"
Directory: /Users/yongfeiwang/software/kokkos-tutorials/Exercises/kokkos-fortran-interop/build/test
"test_from_ndarray_r32_5d" start time: May 25 20:07 PDT
Output:
----------------------------------------------------------
Kokkos::OpenMP::initialize WARNING: OMP_PROC_BIND environment variable not set
  In general, for best performance with OpenMP 4.0 or better set OMP_PROC_BIND=spread and OMP_PLACES=threads
  For best performance with OpenMP 3.1 set OMP_PROC_BIND=true
  For unit testing set OMP_PROC_BIND=false
 PASSED from_ndarray_r32_5d
 f_sum =    117600.000    
 c_sum =    117600.000    
<end of output>
Test time =   0.23 sec
----------------------------------------------------------
Test Pass Reason:
Required regular expression found. Regex=[PASSED]
"test_from_ndarray_r32_5d" end time: May 25 20:07 PDT
"test_from_ndarray_r32_5d" time elapsed: 00:00:00
----------------------------------------------------------

41/168 Testing: test_from_ndarray_r32_6d
41/168 Test: test_from_ndarray_r32_6d
Command: "/Users/yongfeiwang/software/kokkos-tutorials/Exercises/kokkos-fortran-interop/build/test/test_from_ndarray_r32_6d"
Directory: /Users/yongfeiwang/software/kokkos-tutorials/Exercises/kokkos-fortran-interop/build/test
"test_from_ndarray_r32_6d" start time: May 25 20:07 PDT
Output:
----------------------------------------------------------
Kokkos::OpenMP::initialize WARNING: OMP_PROC_BIND environment variable not set
  In general, for best performance with OpenMP 4.0 or better set OMP_PROC_BIND=spread and OMP_PLACES=threads
  For best performance with OpenMP 3.1 set OMP_PROC_BIND=true
  For unit testing set OMP_PROC_BIND=false
 PASSED from_ndarray_r32_6d
 f_sum =    393120.000    
 c_sum =    393120.000    
<end of output>
Test time =   0.14 sec
----------------------------------------------------------
Test Pass Reason:
Required regular expression found. Regex=[PASSED]
"test_from_ndarray_r32_6d" end time: May 25 20:07 PDT
"test_from_ndarray_r32_6d" time elapsed: 00:00:00
----------------------------------------------------------

42/168 Testing: test_from_ndarray_r32_7d
42/168 Test: test_from_ndarray_r32_7d
Command: "/Users/yongfeiwang/software/kokkos-tutorials/Exercises/kokkos-fortran-interop/build/test/test_from_ndarray_r32_7d"
Directory: /Users/yongfeiwang/software/kokkos-tutorials/Exercises/kokkos-fortran-interop/build/test
"test_from_ndarray_r32_7d" start time: May 25 20:07 PDT
Output:
----------------------------------------------------------
Kokkos::OpenMP::initialize WARNING: OMP_PROC_BIND environment variable not set
  In general, for best performance with OpenMP 4.0 or better set OMP_PROC_BIND=spread and OMP_PLACES=threads
  For best performance with OpenMP 3.1 set OMP_PROC_BIND=true
  For unit testing set OMP_PROC_BIND=false
 PASSED from_ndarray_r32_7d
 f_sum =    846720.000    
 c_sum =    846720.000    
<end of output>
Test time =   0.14 sec
----------------------------------------------------------
Test Pass Reason:
Required regular expression found. Regex=[PASSED]
"test_from_ndarray_r32_7d" end time: May 25 20:07 PDT
"test_from_ndarray_r32_7d" time elapsed: 00:00:00
----------------------------------------------------------

43/168 Testing: test_from_ndarray_r64_1d
43/168 Test: test_from_ndarray_r64_1d
Command: "/Users/yongfeiwang/software/kokkos-tutorials/Exercises/kokkos-fortran-interop/build/test/test_from_ndarray_r64_1d"
Directory: /Users/yongfeiwang/software/kokkos-tutorials/Exercises/kokkos-fortran-interop/build/test
"test_from_ndarray_r64_1d" start time: May 25 20:07 PDT
Output:
----------------------------------------------------------
Kokkos::OpenMP::initialize WARNING: OMP_PROC_BIND environment variable not set
  In general, for best performance with OpenMP 4.0 or better set OMP_PROC_BIND=spread and OMP_PLACES=threads
  For best performance with OpenMP 3.1 set OMP_PROC_BIND=true
  For unit testing set OMP_PROC_BIND=false
 PASSED from_ndarray_r64_1d
 f_sum =    36.000000000000000     
 c_sum =    36.000000000000000     
<end of output>
Test time =   0.13 sec
----------------------------------------------------------
Test Pass Reason:
Required regular expression found. Regex=[PASSED]
"test_from_ndarray_r64_1d" end time: May 25 20:07 PDT
"test_from_ndarray_r64_1d" time elapsed: 00:00:00
----------------------------------------------------------

44/168 Testing: test_from_ndarray_r64_2d
44/168 Test: test_from_ndarray_r64_2d
Command: "/Users/yongfeiwang/software/kokkos-tutorials/Exercises/kokkos-fortran-interop/build/test/test_from_ndarray_r64_2d"
Directory: /Users/yongfeiwang/software/kokkos-tutorials/Exercises/kokkos-fortran-interop/build/test
"test_from_ndarray_r64_2d" start time: May 25 20:07 PDT
Output:
----------------------------------------------------------
Kokkos::OpenMP::initialize WARNING: OMP_PROC_BIND environment variable not set
  In general, for best performance with OpenMP 4.0 or better set OMP_PROC_BIND=spread and OMP_PLACES=threads
  For best performance with OpenMP 3.1 set OMP_PROC_BIND=true
  For unit testing set OMP_PROC_BIND=false
 PASSED from_ndarray_r64_2d
 f_sum =    476.00000000000000     
 c_sum =    476.00000000000000     
<end of output>
Test time =   0.13 sec
----------------------------------------------------------
Test Pass Reason:
Required regular expression found. Regex=[PASSED]
"test_from_ndarray_r64_2d" end time: May 25 20:07 PDT
"test_from_ndarray_r64_2d" time elapsed: 00:00:00
----------------------------------------------------------

45/168 Testing: test_from_ndarray_r64_3d
45/168 Test: test_from_ndarray_r64_3d
Command: "/Users/yongfeiwang/software/kokkos-tutorials/Exercises/kokkos-fortran-interop/build/test/test_from_ndarray_r64_3d"
Directory: /Users/yongfeiwang/software/kokkos-tutorials/Exercises/kokkos-fortran-interop/build/test
"test_from_ndarray_r64_3d" start time: May 25 20:07 PDT
Output:
----------------------------------------------------------
Kokkos::OpenMP::initialize WARNING: OMP_PROC_BIND environment variable not set
  In general, for best performance with OpenMP 4.0 or better set OMP_PROC_BIND=spread and OMP_PLACES=threads
  For best performance with OpenMP 3.1 set OMP_PROC_BIND=true
  For unit testing set OMP_PROC_BIND=false
 PASSED from_ndarray_r64_3d
 f_sum =    4032.0000000000000     
 c_sum =    4032.0000000000000     
<end of output>
Test time =   0.14 sec
----------------------------------------------------------
Test Pass Reason:
Required regular expression found. Regex=[PASSED]
"test_from_ndarray_r64_3d" end time: May 25 20:07 PDT
"test_from_ndarray_r64_3d" time elapsed: 00:00:00
----------------------------------------------------------

46/168 Testing: test_from_ndarray_r64_4d
46/168 Test: test_from_ndarray_r64_4d
Command: "/Users/yongfeiwang/software/kokkos-tutorials/Exercises/kokkos-fortran-interop/build/test/test_from_ndarray_r64_4d"
Directory: /Users/yongfeiwang/software/kokkos-tutorials/Exercises/kokkos-fortran-interop/build/test
"test_from_ndarray_r64_4d" start time: May 25 20:07 PDT
Output:
----------------------------------------------------------
Kokkos::OpenMP::initialize WARNING: OMP_PROC_BIND environment variable not set
  In general, for best performance with OpenMP 4.0 or better set OMP_PROC_BIND=spread and OMP_PLACES=threads
  For best performance with OpenMP 3.1 set OMP_PROC_BIND=true
  For unit testing set OMP_PROC_BIND=false
 PASSED from_ndarray_r64_4d
 f_sum =    25200.000000000000     
 c_sum =    25200.000000000000     
<end of output>
Test time =   0.14 sec
----------------------------------------------------------
Test Pass Reason:
Required regular expression found. Regex=[PASSED]
"test_from_ndarray_r64_4d" end time: May 25 20:07 PDT
"test_from_ndarray_r64_4d" time elapsed: 00:00:00
----------------------------------------------------------

47/168 Testing: test_from_ndarray_r64_5d
47/168 Test: test_from_ndarray_r64_5d
Command: "/Users/yongfeiwang/software/kokkos-tutorials/Exercises/kokkos-fortran-interop/build/test/test_from_ndarray_r64_5d"
Directory: /Users/yongfeiwang/software/kokkos-tutorials/Exercises/kokkos-fortran-interop/build/test
"test_from_ndarray_r64_5d" start time: May 25 20:07 PDT
Output:
----------------------------------------------------------
Kokkos::OpenMP::initialize WARNING: OMP_PROC_BIND environment variable not set
  In general, for best performance with OpenMP 4.0 or better set OMP_PROC_BIND=spread and OMP_PLACES=threads
  For best performance with OpenMP 3.1 set OMP_PROC_BIND=true
  For unit testing set OMP_PROC_BIND=false
 PASSED from_ndarray_r64_5d
 f_sum =    117600.00000000000     
 c_sum =    117600.00000000000     
<end of output>
Test time =   0.14 sec
----------------------------------------------------------
Test Pass Reason:
Required regular expression found. Regex=[PASSED]
"test_from_ndarray_r64_5d" end time: May 25 20:07 PDT
"test_from_ndarray_r64_5d" time elapsed: 00:00:00
----------------------------------------------------------

48/168 Testing: test_from_ndarray_r64_6d
48/168 Test: test_from_ndarray_r64_6d
Command: "/Users/yongfeiwang/software/kokkos-tutorials/Exercises/kokkos-fortran-interop/build/test/test_from_ndarray_r64_6d"
Directory: /Users/yongfeiwang/software/kokkos-tutorials/Exercises/kokkos-fortran-interop/build/test
"test_from_ndarray_r64_6d" start time: May 25 20:07 PDT
Output:
----------------------------------------------------------
Kokkos::OpenMP::initialize WARNING: OMP_PROC_BIND environment variable not set
  In general, for best performance with OpenMP 4.0 or better set OMP_PROC_BIND=spread and OMP_PLACES=threads
  For best performance with OpenMP 3.1 set OMP_PROC_BIND=true
  For unit testing set OMP_PROC_BIND=false
 PASSED from_ndarray_r64_6d
 f_sum =    393120.00000000000     
 c_sum =    393120.00000000000     
<end of output>
Test time =   0.14 sec
----------------------------------------------------------
Test Pass Reason:
Required regular expression found. Regex=[PASSED]
"test_from_ndarray_r64_6d" end time: May 25 20:07 PDT
"test_from_ndarray_r64_6d" time elapsed: 00:00:00
----------------------------------------------------------

49/168 Testing: test_from_ndarray_r64_7d
49/168 Test: test_from_ndarray_r64_7d
Command: "/Users/yongfeiwang/software/kokkos-tutorials/Exercises/kokkos-fortran-interop/build/test/test_from_ndarray_r64_7d"
Directory: /Users/yongfeiwang/software/kokkos-tutorials/Exercises/kokkos-fortran-interop/build/test
"test_from_ndarray_r64_7d" start time: May 25 20:07 PDT
Output:
----------------------------------------------------------
Kokkos::OpenMP::initialize WARNING: OMP_PROC_BIND environment variable not set
  In general, for best performance with OpenMP 4.0 or better set OMP_PROC_BIND=spread and OMP_PLACES=threads
  For best performance with OpenMP 3.1 set OMP_PROC_BIND=true
  For unit testing set OMP_PROC_BIND=false
 PASSED from_ndarray_r64_7d
 f_sum =    846720.00000000000     
 c_sum =    846720.00000000000     
<end of output>
Test time =   0.15 sec
----------------------------------------------------------
Test Pass Reason:
Required regular expression found. Regex=[PASSED]
"test_from_ndarray_r64_7d" end time: May 25 20:07 PDT
"test_from_ndarray_r64_7d" time elapsed: 00:00:00
----------------------------------------------------------

50/168 Testing: test_kokkos_allocate_dualview_i32_1d
50/168 Test: test_kokkos_allocate_dualview_i32_1d
Command: "/Users/yongfeiwang/software/kokkos-tutorials/Exercises/kokkos-fortran-interop/build/test/test_kokkos_allocate_dualview_i32_1d"
Directory: /Users/yongfeiwang/software/kokkos-tutorials/Exercises/kokkos-fortran-interop/build/test
"test_kokkos_allocate_dualview_i32_1d" start time: May 25 20:07 PDT
Output:
----------------------------------------------------------
 before kokkos_init
Kokkos::OpenMP::initialize WARNING: OMP_PROC_BIND environment variable not set
  In general, for best performance with OpenMP 4.0 or better set OMP_PROC_BIND=spread and OMP_PLACES=threads
  For best performance with OpenMP 3.1 set OMP_PROC_BIND=true
  For unit testing set OMP_PROC_BIND=false
 after kokkos_init
 PASSED kokkos_allocate_dualview_i32_1d
 f_sum =           28
 c_sum =           28
 ierr                     0
<end of output>
Test time =   0.13 sec
----------------------------------------------------------
Test Pass Reason:
Required regular expression found. Regex=[PASSED]
"test_kokkos_allocate_dualview_i32_1d" end time: May 25 20:07 PDT
"test_kokkos_allocate_dualview_i32_1d" time elapsed: 00:00:00
----------------------------------------------------------

51/168 Testing: test_kokkos_allocate_dualview_i32_2d
51/168 Test: test_kokkos_allocate_dualview_i32_2d
Command: "/Users/yongfeiwang/software/kokkos-tutorials/Exercises/kokkos-fortran-interop/build/test/test_kokkos_allocate_dualview_i32_2d"
Directory: /Users/yongfeiwang/software/kokkos-tutorials/Exercises/kokkos-fortran-interop/build/test
"test_kokkos_allocate_dualview_i32_2d" start time: May 25 20:07 PDT
Output:
----------------------------------------------------------
 before kokkos_init
Kokkos::OpenMP::initialize WARNING: OMP_PROC_BIND environment variable not set
  In general, for best performance with OpenMP 4.0 or better set OMP_PROC_BIND=spread and OMP_PLACES=threads
  For best performance with OpenMP 3.1 set OMP_PROC_BIND=true
  For unit testing set OMP_PROC_BIND=false
 after kokkos_init
 PASSED kokkos_allocate_dualview_i32_2d
 f_sum =          364
 c_sum =          364
 ierr                     0
<end of output>
Test time =   0.14 sec
----------------------------------------------------------
Test Pass Reason:
Required regular expression found. Regex=[PASSED]
"test_kokkos_allocate_dualview_i32_2d" end time: May 25 20:07 PDT
"test_kokkos_allocate_dualview_i32_2d" time elapsed: 00:00:00
----------------------------------------------------------

52/168 Testing: test_kokkos_allocate_dualview_i32_3d
52/168 Test: test_kokkos_allocate_dualview_i32_3d
Command: "/Users/yongfeiwang/software/kokkos-tutorials/Exercises/kokkos-fortran-interop/build/test/test_kokkos_allocate_dualview_i32_3d"
Directory: /Users/yongfeiwang/software/kokkos-tutorials/Exercises/kokkos-fortran-interop/build/test
"test_kokkos_allocate_dualview_i32_3d" start time: May 25 20:07 PDT
Output:
----------------------------------------------------------
 before kokkos_init
Kokkos::OpenMP::initialize WARNING: OMP_PROC_BIND environment variable not set
  In general, for best performance with OpenMP 4.0 or better set OMP_PROC_BIND=spread and OMP_PLACES=threads
  For best performance with OpenMP 3.1 set OMP_PROC_BIND=true
  For unit testing set OMP_PROC_BIND=false
 after kokkos_init
 PASSED kokkos_allocate_dualview_i32_3d
 f_sum =         3024
 c_sum =         3024
 ierr                     0
<end of output>
Test time =   0.14 sec
----------------------------------------------------------
Test Pass Reason:
Required regular expression found. Regex=[PASSED]
"test_kokkos_allocate_dualview_i32_3d" end time: May 25 20:07 PDT
"test_kokkos_allocate_dualview_i32_3d" time elapsed: 00:00:00
----------------------------------------------------------

53/168 Testing: test_kokkos_allocate_dualview_i32_4d
53/168 Test: test_kokkos_allocate_dualview_i32_4d
Command: "/Users/yongfeiwang/software/kokkos-tutorials/Exercises/kokkos-fortran-interop/build/test/test_kokkos_allocate_dualview_i32_4d"
Directory: /Users/yongfeiwang/software/kokkos-tutorials/Exercises/kokkos-fortran-interop/build/test
"test_kokkos_allocate_dualview_i32_4d" start time: May 25 20:07 PDT
Output:
----------------------------------------------------------
 before kokkos_init
Kokkos::OpenMP::initialize WARNING: OMP_PROC_BIND environment variable not set
  In general, for best performance with OpenMP 4.0 or better set OMP_PROC_BIND=spread and OMP_PLACES=threads
  For best performance with OpenMP 3.1 set OMP_PROC_BIND=true
  For unit testing set OMP_PROC_BIND=false
 after kokkos_init
 PASSED kokkos_allocate_dualview_i32_4d
 f_sum =        18480
 c_sum =        18480
 ierr                     0
<end of output>
Test time =   0.13 sec
----------------------------------------------------------
Test Pass Reason:
Required regular expression found. Regex=[PASSED]
"test_kokkos_allocate_dualview_i32_4d" end time: May 25 20:07 PDT
"test_kokkos_allocate_dualview_i32_4d" time elapsed: 00:00:00
----------------------------------------------------------

54/168 Testing: test_kokkos_allocate_dualview_i32_5d
54/168 Test: test_kokkos_allocate_dualview_i32_5d
Command: "/Users/yongfeiwang/software/kokkos-tutorials/Exercises/kokkos-fortran-interop/build/test/test_kokkos_allocate_dualview_i32_5d"
Directory: /Users/yongfeiwang/software/kokkos-tutorials/Exercises/kokkos-fortran-interop/build/test
"test_kokkos_allocate_dualview_i32_5d" start time: May 25 20:07 PDT
Output:
----------------------------------------------------------
 before kokkos_init
Kokkos::OpenMP::initialize WARNING: OMP_PROC_BIND environment variable not set
  In general, for best performance with OpenMP 4.0 or better set OMP_PROC_BIND=spread and OMP_PLACES=threads
  For best performance with OpenMP 3.1 set OMP_PROC_BIND=true
  For unit testing set OMP_PROC_BIND=false
 after kokkos_init
 PASSED kokkos_allocate_dualview_i32_5d
 f_sum =        84000
 c_sum =        84000
 ierr                     0
<end of output>
Test time =   0.13 sec
----------------------------------------------------------
Test Pass Reason:
Required regular expression found. Regex=[PASSED]
"test_kokkos_allocate_dualview_i32_5d" end time: May 25 20:07 PDT
"test_kokkos_allocate_dualview_i32_5d" time elapsed: 00:00:00
----------------------------------------------------------

55/168 Testing: test_kokkos_allocate_dualview_i32_6d
55/168 Test: test_kokkos_allocate_dualview_i32_6d
Command: "/Users/yongfeiwang/software/kokkos-tutorials/Exercises/kokkos-fortran-interop/build/test/test_kokkos_allocate_dualview_i32_6d"
Directory: /Users/yongfeiwang/software/kokkos-tutorials/Exercises/kokkos-fortran-interop/build/test
"test_kokkos_allocate_dualview_i32_6d" start time: May 25 20:07 PDT
Output:
----------------------------------------------------------
 before kokkos_init
Kokkos::OpenMP::initialize WARNING: OMP_PROC_BIND environment variable not set
  In general, for best performance with OpenMP 4.0 or better set OMP_PROC_BIND=spread and OMP_PLACES=threads
  For best performance with OpenMP 3.1 set OMP_PROC_BIND=true
  For unit testing set OMP_PROC_BIND=false
 after kokkos_init
 PASSED kokkos_allocate_dualview_i32_6d
 f_sum =       272160
 c_sum =       272160
 ierr                     0
<end of output>
Test time =   0.14 sec
----------------------------------------------------------
Test Pass Reason:
Required regular expression found. Regex=[PASSED]
"test_kokkos_allocate_dualview_i32_6d" end time: May 25 20:07 PDT
"test_kokkos_allocate_dualview_i32_6d" time elapsed: 00:00:00
----------------------------------------------------------

56/168 Testing: test_kokkos_allocate_dualview_i32_7d
56/168 Test: test_kokkos_allocate_dualview_i32_7d
Command: "/Users/yongfeiwang/software/kokkos-tutorials/Exercises/kokkos-fortran-interop/build/test/test_kokkos_allocate_dualview_i32_7d"
Directory: /Users/yongfeiwang/software/kokkos-tutorials/Exercises/kokkos-fortran-interop/build/test
"test_kokkos_allocate_dualview_i32_7d" start time: May 25 20:07 PDT
Output:
----------------------------------------------------------
 before kokkos_init
Kokkos::OpenMP::initialize WARNING: OMP_PROC_BIND environment variable not set
  In general, for best performance with OpenMP 4.0 or better set OMP_PROC_BIND=spread and OMP_PLACES=threads
  For best performance with OpenMP 3.1 set OMP_PROC_BIND=true
  For unit testing set OMP_PROC_BIND=false
 after kokkos_init
 PASSED kokkos_allocate_dualview_i32_7d
 f_sum =       564480
 c_sum =       564480
 ierr                     0
<end of output>
Test time =   0.14 sec
----------------------------------------------------------
Test Pass Reason:
Required regular expression found. Regex=[PASSED]
"test_kokkos_allocate_dualview_i32_7d" end time: May 25 20:07 PDT
"test_kokkos_allocate_dualview_i32_7d" time elapsed: 00:00:00
----------------------------------------------------------

57/168 Testing: test_kokkos_allocate_dualview_i64_1d
57/168 Test: test_kokkos_allocate_dualview_i64_1d
Command: "/Users/yongfeiwang/software/kokkos-tutorials/Exercises/kokkos-fortran-interop/build/test/test_kokkos_allocate_dualview_i64_1d"
Directory: /Users/yongfeiwang/software/kokkos-tutorials/Exercises/kokkos-fortran-interop/build/test
"test_kokkos_allocate_dualview_i64_1d" start time: May 25 20:07 PDT
Output:
----------------------------------------------------------
 before kokkos_init
Kokkos::OpenMP::initialize WARNING: OMP_PROC_BIND environment variable not set
  In general, for best performance with OpenMP 4.0 or better set OMP_PROC_BIND=spread and OMP_PLACES=threads
  For best performance with OpenMP 3.1 set OMP_PROC_BIND=true
  For unit testing set OMP_PROC_BIND=false
 after kokkos_init
 PASSED kokkos_allocate_dualview_i64_1d
 f_sum =                    28
 c_sum =                    28
 ierr                     0
<end of output>
Test time =   0.14 sec
----------------------------------------------------------
Test Pass Reason:
Required regular expression found. Regex=[PASSED]
"test_kokkos_allocate_dualview_i64_1d" end time: May 25 20:07 PDT
"test_kokkos_allocate_dualview_i64_1d" time elapsed: 00:00:00
----------------------------------------------------------

58/168 Testing: test_kokkos_allocate_dualview_i64_2d
58/168 Test: test_kokkos_allocate_dualview_i64_2d
Command: "/Users/yongfeiwang/software/kokkos-tutorials/Exercises/kokkos-fortran-interop/build/test/test_kokkos_allocate_dualview_i64_2d"
Directory: /Users/yongfeiwang/software/kokkos-tutorials/Exercises/kokkos-fortran-interop/build/test
"test_kokkos_allocate_dualview_i64_2d" start time: May 25 20:07 PDT
Output:
----------------------------------------------------------
 before kokkos_init
Kokkos::OpenMP::initialize WARNING: OMP_PROC_BIND environment variable not set
  In general, for best performance with OpenMP 4.0 or better set OMP_PROC_BIND=spread and OMP_PLACES=threads
  For best performance with OpenMP 3.1 set OMP_PROC_BIND=true
  For unit testing set OMP_PROC_BIND=false
 after kokkos_init
 PASSED kokkos_allocate_dualview_i64_2d
 f_sum =                   364
 c_sum =                   364
 ierr                     0
<end of output>
Test time =   0.13 sec
----------------------------------------------------------
Test Pass Reason:
Required regular expression found. Regex=[PASSED]
"test_kokkos_allocate_dualview_i64_2d" end time: May 25 20:07 PDT
"test_kokkos_allocate_dualview_i64_2d" time elapsed: 00:00:00
----------------------------------------------------------

59/168 Testing: test_kokkos_allocate_dualview_i64_3d
59/168 Test: test_kokkos_allocate_dualview_i64_3d
Command: "/Users/yongfeiwang/software/kokkos-tutorials/Exercises/kokkos-fortran-interop/build/test/test_kokkos_allocate_dualview_i64_3d"
Directory: /Users/yongfeiwang/software/kokkos-tutorials/Exercises/kokkos-fortran-interop/build/test
"test_kokkos_allocate_dualview_i64_3d" start time: May 25 20:07 PDT
Output:
----------------------------------------------------------
 before kokkos_init
Kokkos::OpenMP::initialize WARNING: OMP_PROC_BIND environment variable not set
  In general, for best performance with OpenMP 4.0 or better set OMP_PROC_BIND=spread and OMP_PLACES=threads
  For best performance with OpenMP 3.1 set OMP_PROC_BIND=true
  For unit testing set OMP_PROC_BIND=false
 after kokkos_init
 PASSED kokkos_allocate_dualview_i64_3d
 f_sum =                  3024
 c_sum =                  3024
 ierr                     0
<end of output>
Test time =   0.14 sec
----------------------------------------------------------
Test Pass Reason:
Required regular expression found. Regex=[PASSED]
"test_kokkos_allocate_dualview_i64_3d" end time: May 25 20:07 PDT
"test_kokkos_allocate_dualview_i64_3d" time elapsed: 00:00:00
----------------------------------------------------------

60/168 Testing: test_kokkos_allocate_dualview_i64_4d
60/168 Test: test_kokkos_allocate_dualview_i64_4d
Command: "/Users/yongfeiwang/software/kokkos-tutorials/Exercises/kokkos-fortran-interop/build/test/test_kokkos_allocate_dualview_i64_4d"
Directory: /Users/yongfeiwang/software/kokkos-tutorials/Exercises/kokkos-fortran-interop/build/test
"test_kokkos_allocate_dualview_i64_4d" start time: May 25 20:07 PDT
Output:
----------------------------------------------------------
 before kokkos_init
Kokkos::OpenMP::initialize WARNING: OMP_PROC_BIND environment variable not set
  In general, for best performance with OpenMP 4.0 or better set OMP_PROC_BIND=spread and OMP_PLACES=threads
  For best performance with OpenMP 3.1 set OMP_PROC_BIND=true
  For unit testing set OMP_PROC_BIND=false
 after kokkos_init
 PASSED kokkos_allocate_dualview_i64_4d
 f_sum =                 18480
 c_sum =                 18480
 ierr                     0
<end of output>
Test time =   0.13 sec
----------------------------------------------------------
Test Pass Reason:
Required regular expression found. Regex=[PASSED]
"test_kokkos_allocate_dualview_i64_4d" end time: May 25 20:07 PDT
"test_kokkos_allocate_dualview_i64_4d" time elapsed: 00:00:00
----------------------------------------------------------

61/168 Testing: test_kokkos_allocate_dualview_i64_5d
61/168 Test: test_kokkos_allocate_dualview_i64_5d
Command: "/Users/yongfeiwang/software/kokkos-tutorials/Exercises/kokkos-fortran-interop/build/test/test_kokkos_allocate_dualview_i64_5d"
Directory: /Users/yongfeiwang/software/kokkos-tutorials/Exercises/kokkos-fortran-interop/build/test
"test_kokkos_allocate_dualview_i64_5d" start time: May 25 20:07 PDT
Output:
----------------------------------------------------------
 before kokkos_init
Kokkos::OpenMP::initialize WARNING: OMP_PROC_BIND environment variable not set
  In general, for best performance with OpenMP 4.0 or better set OMP_PROC_BIND=spread and OMP_PLACES=threads
  For best performance with OpenMP 3.1 set OMP_PROC_BIND=true
  For unit testing set OMP_PROC_BIND=false
 after kokkos_init
 PASSED kokkos_allocate_dualview_i64_5d
 f_sum =                 84000
 c_sum =                 84000
 ierr                     0
<end of output>
Test time =   0.14 sec
----------------------------------------------------------
Test Pass Reason:
Required regular expression found. Regex=[PASSED]
"test_kokkos_allocate_dualview_i64_5d" end time: May 25 20:07 PDT
"test_kokkos_allocate_dualview_i64_5d" time elapsed: 00:00:00
----------------------------------------------------------

62/168 Testing: test_kokkos_allocate_dualview_i64_6d
62/168 Test: test_kokkos_allocate_dualview_i64_6d
Command: "/Users/yongfeiwang/software/kokkos-tutorials/Exercises/kokkos-fortran-interop/build/test/test_kokkos_allocate_dualview_i64_6d"
Directory: /Users/yongfeiwang/software/kokkos-tutorials/Exercises/kokkos-fortran-interop/build/test
"test_kokkos_allocate_dualview_i64_6d" start time: May 25 20:07 PDT
Output:
----------------------------------------------------------
 before kokkos_init
Kokkos::OpenMP::initialize WARNING: OMP_PROC_BIND environment variable not set
  In general, for best performance with OpenMP 4.0 or better set OMP_PROC_BIND=spread and OMP_PLACES=threads
  For best performance with OpenMP 3.1 set OMP_PROC_BIND=true
  For unit testing set OMP_PROC_BIND=false
 after kokkos_init
 PASSED kokkos_allocate_dualview_i64_6d
 f_sum =                272160
 c_sum =                272160
 ierr                     0
<end of output>
Test time =   0.14 sec
----------------------------------------------------------
Test Pass Reason:
Required regular expression found. Regex=[PASSED]
"test_kokkos_allocate_dualview_i64_6d" end time: May 25 20:07 PDT
"test_kokkos_allocate_dualview_i64_6d" time elapsed: 00:00:00
----------------------------------------------------------

63/168 Testing: test_kokkos_allocate_dualview_i64_7d
63/168 Test: test_kokkos_allocate_dualview_i64_7d
Command: "/Users/yongfeiwang/software/kokkos-tutorials/Exercises/kokkos-fortran-interop/build/test/test_kokkos_allocate_dualview_i64_7d"
Directory: /Users/yongfeiwang/software/kokkos-tutorials/Exercises/kokkos-fortran-interop/build/test
"test_kokkos_allocate_dualview_i64_7d" start time: May 25 20:07 PDT
Output:
----------------------------------------------------------
 before kokkos_init
Kokkos::OpenMP::initialize WARNING: OMP_PROC_BIND environment variable not set
  In general, for best performance with OpenMP 4.0 or better set OMP_PROC_BIND=spread and OMP_PLACES=threads
  For best performance with OpenMP 3.1 set OMP_PROC_BIND=true
  For unit testing set OMP_PROC_BIND=false
 after kokkos_init
 PASSED kokkos_allocate_dualview_i64_7d
 f_sum =                564480
 c_sum =                564480
 ierr                     0
<end of output>
Test time =   0.14 sec
----------------------------------------------------------
Test Pass Reason:
Required regular expression found. Regex=[PASSED]
"test_kokkos_allocate_dualview_i64_7d" end time: May 25 20:07 PDT
"test_kokkos_allocate_dualview_i64_7d" time elapsed: 00:00:00
----------------------------------------------------------

64/168 Testing: test_kokkos_allocate_dualview_l_1d
64/168 Test: test_kokkos_allocate_dualview_l_1d
Command: "/Users/yongfeiwang/software/kokkos-tutorials/Exercises/kokkos-fortran-interop/build/test/test_kokkos_allocate_dualview_l_1d"
Directory: /Users/yongfeiwang/software/kokkos-tutorials/Exercises/kokkos-fortran-interop/build/test
"test_kokkos_allocate_dualview_l_1d" start time: May 25 20:07 PDT
Output:
----------------------------------------------------------
 before kokkos_init
Kokkos::OpenMP::initialize WARNING: OMP_PROC_BIND environment variable not set
  In general, for best performance with OpenMP 4.0 or better set OMP_PROC_BIND=spread and OMP_PLACES=threads
  For best performance with OpenMP 3.1 set OMP_PROC_BIND=true
  For unit testing set OMP_PROC_BIND=false
 after kokkos_init
 PASSED kokkos_allocate_dualview_l_1d
 f_sum =                     8
 c_sum =                     8
 ierr                     0
<end of output>
Test time =   0.14 sec
----------------------------------------------------------
Test Pass Reason:
Required regular expression found. Regex=[PASSED]
"test_kokkos_allocate_dualview_l_1d" end time: May 25 20:07 PDT
"test_kokkos_allocate_dualview_l_1d" time elapsed: 00:00:00
----------------------------------------------------------

65/168 Testing: test_kokkos_allocate_dualview_l_2d
65/168 Test: test_kokkos_allocate_dualview_l_2d
Command: "/Users/yongfeiwang/software/kokkos-tutorials/Exercises/kokkos-fortran-interop/build/test/test_kokkos_allocate_dualview_l_2d"
Directory: /Users/yongfeiwang/software/kokkos-tutorials/Exercises/kokkos-fortran-interop/build/test
"test_kokkos_allocate_dualview_l_2d" start time: May 25 20:07 PDT
Output:
----------------------------------------------------------
 before kokkos_init
Kokkos::OpenMP::initialize WARNING: OMP_PROC_BIND environment variable not set
  In general, for best performance with OpenMP 4.0 or better set OMP_PROC_BIND=spread and OMP_PLACES=threads
  For best performance with OpenMP 3.1 set OMP_PROC_BIND=true
  For unit testing set OMP_PROC_BIND=false
 after kokkos_init
 PASSED kokkos_allocate_dualview_l_2d
 f_sum =                    56
 c_sum =                    56
 ierr                     0
<end of output>
Test time =   0.14 sec
----------------------------------------------------------
Test Pass Reason:
Required regular expression found. Regex=[PASSED]
"test_kokkos_allocate_dualview_l_2d" end time: May 25 20:07 PDT
"test_kokkos_allocate_dualview_l_2d" time elapsed: 00:00:00
----------------------------------------------------------

66/168 Testing: test_kokkos_allocate_dualview_l_3d
66/168 Test: test_kokkos_allocate_dualview_l_3d
Command: "/Users/yongfeiwang/software/kokkos-tutorials/Exercises/kokkos-fortran-interop/build/test/test_kokkos_allocate_dualview_l_3d"
Directory: /Users/yongfeiwang/software/kokkos-tutorials/Exercises/kokkos-fortran-interop/build/test
"test_kokkos_allocate_dualview_l_3d" start time: May 25 20:07 PDT
Output:
----------------------------------------------------------
 before kokkos_init
Kokkos::OpenMP::initialize WARNING: OMP_PROC_BIND environment variable not set
  In general, for best performance with OpenMP 4.0 or better set OMP_PROC_BIND=spread and OMP_PLACES=threads
  For best performance with OpenMP 3.1 set OMP_PROC_BIND=true
  For unit testing set OMP_PROC_BIND=false
 after kokkos_init
 PASSED kokkos_allocate_dualview_l_3d
 f_sum =                   336
 c_sum =                   336
 ierr                     0
<end of output>
Test time =   0.14 sec
----------------------------------------------------------
Test Pass Reason:
Required regular expression found. Regex=[PASSED]
"test_kokkos_allocate_dualview_l_3d" end time: May 25 20:07 PDT
"test_kokkos_allocate_dualview_l_3d" time elapsed: 00:00:00
----------------------------------------------------------

67/168 Testing: test_kokkos_allocate_dualview_l_4d
67/168 Test: test_kokkos_allocate_dualview_l_4d
Command: "/Users/yongfeiwang/software/kokkos-tutorials/Exercises/kokkos-fortran-interop/build/test/test_kokkos_allocate_dualview_l_4d"
Directory: /Users/yongfeiwang/software/kokkos-tutorials/Exercises/kokkos-fortran-interop/build/test
"test_kokkos_allocate_dualview_l_4d" start time: May 25 20:07 PDT
Output:
----------------------------------------------------------
 before kokkos_init
Kokkos::OpenMP::initialize WARNING: OMP_PROC_BIND environment variable not set
  In general, for best performance with OpenMP 4.0 or better set OMP_PROC_BIND=spread and OMP_PLACES=threads
  For best performance with OpenMP 3.1 set OMP_PROC_BIND=true
  For unit testing set OMP_PROC_BIND=false
 after kokkos_init
 PASSED kokkos_allocate_dualview_l_4d
 f_sum =                  1680
 c_sum =                  1680
 ierr                     0
<end of output>
Test time =   0.13 sec
----------------------------------------------------------
Test Pass Reason:
Required regular expression found. Regex=[PASSED]
"test_kokkos_allocate_dualview_l_4d" end time: May 25 20:07 PDT
"test_kokkos_allocate_dualview_l_4d" time elapsed: 00:00:00
----------------------------------------------------------

68/168 Testing: test_kokkos_allocate_dualview_l_5d
68/168 Test: test_kokkos_allocate_dualview_l_5d
Command: "/Users/yongfeiwang/software/kokkos-tutorials/Exercises/kokkos-fortran-interop/build/test/test_kokkos_allocate_dualview_l_5d"
Directory: /Users/yongfeiwang/software/kokkos-tutorials/Exercises/kokkos-fortran-interop/build/test
"test_kokkos_allocate_dualview_l_5d" start time: May 25 20:07 PDT
Output:
----------------------------------------------------------
 before kokkos_init
[...]
"test_to_ndarray_l_4d" start time: May 25 20:08 PDT
Output:
----------------------------------------------------------
Kokkos::OpenMP::initialize WARNING: OMP_PROC_BIND environment variable not set
  In general, for best performance with OpenMP 4.0 or better set OMP_PROC_BIND=spread and OMP_PLACES=threads
  For best performance with OpenMP 3.1 set OMP_PROC_BIND=true
  For unit testing set OMP_PROC_BIND=false
 PASSED ndarray_l_4d
 f_sum =                  1680
 c_sum =                  1680
<end of output>
Test time =   0.13 sec
----------------------------------------------------------
Test Pass Reason:
Required regular expression found. Regex=[PASSED]
"test_to_ndarray_l_4d" end time: May 25 20:08 PDT
"test_to_ndarray_l_4d" time elapsed: 00:00:00
----------------------------------------------------------

152/168 Testing: test_to_ndarray_l_5d
152/168 Test: test_to_ndarray_l_5d
Command: "/Users/yongfeiwang/software/kokkos-tutorials/Exercises/kokkos-fortran-interop/build/test/test_to_ndarray_l_5d"
Directory: /Users/yongfeiwang/software/kokkos-tutorials/Exercises/kokkos-fortran-interop/build/test
"test_to_ndarray_l_5d" start time: May 25 20:08 PDT
Output:
----------------------------------------------------------
Kokkos::OpenMP::initialize WARNING: OMP_PROC_BIND environment variable not set
  In general, for best performance with OpenMP 4.0 or better set OMP_PROC_BIND=spread and OMP_PLACES=threads
  For best performance with OpenMP 3.1 set OMP_PROC_BIND=true
  For unit testing set OMP_PROC_BIND=false
 PASSED ndarray_l_5d
 f_sum =                  6720
 c_sum =                  6720
<end of output>
Test time =   0.14 sec
----------------------------------------------------------
Test Pass Reason:
Required regular expression found. Regex=[PASSED]
"test_to_ndarray_l_5d" end time: May 25 20:08 PDT
"test_to_ndarray_l_5d" time elapsed: 00:00:00
----------------------------------------------------------

153/168 Testing: test_to_ndarray_l_6d
153/168 Test: test_to_ndarray_l_6d
Command: "/Users/yongfeiwang/software/kokkos-tutorials/Exercises/kokkos-fortran-interop/build/test/test_to_ndarray_l_6d"
Directory: /Users/yongfeiwang/software/kokkos-tutorials/Exercises/kokkos-fortran-interop/build/test
"test_to_ndarray_l_6d" start time: May 25 20:08 PDT
Output:
----------------------------------------------------------
Kokkos::OpenMP::initialize WARNING: OMP_PROC_BIND environment variable not set
  In general, for best performance with OpenMP 4.0 or better set OMP_PROC_BIND=spread and OMP_PLACES=threads
  For best performance with OpenMP 3.1 set OMP_PROC_BIND=true
  For unit testing set OMP_PROC_BIND=false
 PASSED ndarray_l_6d
 f_sum =                 20160
 c_sum =                 20160
<end of output>
Test time =   0.15 sec
----------------------------------------------------------
Test Pass Reason:
Required regular expression found. Regex=[PASSED]
"test_to_ndarray_l_6d" end time: May 25 20:08 PDT
"test_to_ndarray_l_6d" time elapsed: 00:00:00
----------------------------------------------------------

154/168 Testing: test_to_ndarray_l_7d
154/168 Test: test_to_ndarray_l_7d
Command: "/Users/yongfeiwang/software/kokkos-tutorials/Exercises/kokkos-fortran-interop/build/test/test_to_ndarray_l_7d"
Directory: /Users/yongfeiwang/software/kokkos-tutorials/Exercises/kokkos-fortran-interop/build/test
"test_to_ndarray_l_7d" start time: May 25 20:08 PDT
Output:
----------------------------------------------------------
Kokkos::OpenMP::initialize WARNING: OMP_PROC_BIND environment variable not set
  In general, for best performance with OpenMP 4.0 or better set OMP_PROC_BIND=spread and OMP_PLACES=threads
  For best performance with OpenMP 3.1 set OMP_PROC_BIND=true
  For unit testing set OMP_PROC_BIND=false
 PASSED ndarray_l_7d
 f_sum =                 40320
 c_sum =                 40320
<end of output>
Test time =   0.14 sec
----------------------------------------------------------
Test Pass Reason:
Required regular expression found. Regex=[PASSED]
"test_to_ndarray_l_7d" end time: May 25 20:08 PDT
"test_to_ndarray_l_7d" time elapsed: 00:00:00
----------------------------------------------------------

155/168 Testing: test_to_ndarray_r32_1d
155/168 Test: test_to_ndarray_r32_1d
Command: "/Users/yongfeiwang/software/kokkos-tutorials/Exercises/kokkos-fortran-interop/build/test/test_to_ndarray_r32_1d"
Directory: /Users/yongfeiwang/software/kokkos-tutorials/Exercises/kokkos-fortran-interop/build/test
"test_to_ndarray_r32_1d" start time: May 25 20:08 PDT
Output:
----------------------------------------------------------
Kokkos::OpenMP::initialize WARNING: OMP_PROC_BIND environment variable not set
  In general, for best performance with OpenMP 4.0 or better set OMP_PROC_BIND=spread and OMP_PLACES=threads
  For best performance with OpenMP 3.1 set OMP_PROC_BIND=true
  For unit testing set OMP_PROC_BIND=false
 PASSED ndarray_r32_1d
 f_sum =    28.0000000    
 c_sum =    28.0000000    
<end of output>
Test time =   0.13 sec
----------------------------------------------------------
Test Pass Reason:
Required regular expression found. Regex=[PASSED]
"test_to_ndarray_r32_1d" end time: May 25 20:08 PDT
"test_to_ndarray_r32_1d" time elapsed: 00:00:00
----------------------------------------------------------

156/168 Testing: test_to_ndarray_r32_2d
156/168 Test: test_to_ndarray_r32_2d
Command: "/Users/yongfeiwang/software/kokkos-tutorials/Exercises/kokkos-fortran-interop/build/test/test_to_ndarray_r32_2d"
Directory: /Users/yongfeiwang/software/kokkos-tutorials/Exercises/kokkos-fortran-interop/build/test
"test_to_ndarray_r32_2d" start time: May 25 20:08 PDT
Output:
----------------------------------------------------------
Kokkos::OpenMP::initialize WARNING: OMP_PROC_BIND environment variable not set
  In general, for best performance with OpenMP 4.0 or better set OMP_PROC_BIND=spread and OMP_PLACES=threads
  For best performance with OpenMP 3.1 set OMP_PROC_BIND=true
  For unit testing set OMP_PROC_BIND=false
 PASSED ndarray_r32_2d
 f_sum =    364.000000    
 c_sum =    364.000000    
<end of output>
Test time =   0.13 sec
----------------------------------------------------------
Test Pass Reason:
Required regular expression found. Regex=[PASSED]
"test_to_ndarray_r32_2d" end time: May 25 20:08 PDT
"test_to_ndarray_r32_2d" time elapsed: 00:00:00
----------------------------------------------------------

157/168 Testing: test_to_ndarray_r32_3d
157/168 Test: test_to_ndarray_r32_3d
Command: "/Users/yongfeiwang/software/kokkos-tutorials/Exercises/kokkos-fortran-interop/build/test/test_to_ndarray_r32_3d"
Directory: /Users/yongfeiwang/software/kokkos-tutorials/Exercises/kokkos-fortran-interop/build/test
"test_to_ndarray_r32_3d" start time: May 25 20:08 PDT
Output:
----------------------------------------------------------
Kokkos::OpenMP::initialize WARNING: OMP_PROC_BIND environment variable not set
  In general, for best performance with OpenMP 4.0 or better set OMP_PROC_BIND=spread and OMP_PLACES=threads
  For best performance with OpenMP 3.1 set OMP_PROC_BIND=true
  For unit testing set OMP_PROC_BIND=false
 PASSED ndarray_r32_3d
 f_sum =    3024.00000    
 c_sum =    3024.00000    
<end of output>
Test time =   0.14 sec
----------------------------------------------------------
Test Pass Reason:
Required regular expression found. Regex=[PASSED]
"test_to_ndarray_r32_3d" end time: May 25 20:08 PDT
"test_to_ndarray_r32_3d" time elapsed: 00:00:00
----------------------------------------------------------

158/168 Testing: test_to_ndarray_r32_4d
158/168 Test: test_to_ndarray_r32_4d
Command: "/Users/yongfeiwang/software/kokkos-tutorials/Exercises/kokkos-fortran-interop/build/test/test_to_ndarray_r32_4d"
Directory: /Users/yongfeiwang/software/kokkos-tutorials/Exercises/kokkos-fortran-interop/build/test
"test_to_ndarray_r32_4d" start time: May 25 20:08 PDT
Output:
----------------------------------------------------------
Kokkos::OpenMP::initialize WARNING: OMP_PROC_BIND environment variable not set
  In general, for best performance with OpenMP 4.0 or better set OMP_PROC_BIND=spread and OMP_PLACES=threads
  For best performance with OpenMP 3.1 set OMP_PROC_BIND=true
  For unit testing set OMP_PROC_BIND=false
 PASSED ndarray_r32_4d
 f_sum =    18480.0000    
 c_sum =    18480.0000    
<end of output>
Test time =   0.14 sec
----------------------------------------------------------
Test Pass Reason:
Required regular expression found. Regex=[PASSED]
"test_to_ndarray_r32_4d" end time: May 25 20:08 PDT
"test_to_ndarray_r32_4d" time elapsed: 00:00:00
----------------------------------------------------------

159/168 Testing: test_to_ndarray_r32_5d
159/168 Test: test_to_ndarray_r32_5d
Command: "/Users/yongfeiwang/software/kokkos-tutorials/Exercises/kokkos-fortran-interop/build/test/test_to_ndarray_r32_5d"
Directory: /Users/yongfeiwang/software/kokkos-tutorials/Exercises/kokkos-fortran-interop/build/test
"test_to_ndarray_r32_5d" start time: May 25 20:08 PDT
Output:
----------------------------------------------------------
Kokkos::OpenMP::initialize WARNING: OMP_PROC_BIND environment variable not set
  In general, for best performance with OpenMP 4.0 or better set OMP_PROC_BIND=spread and OMP_PLACES=threads
  For best performance with OpenMP 3.1 set OMP_PROC_BIND=true
  For unit testing set OMP_PROC_BIND=false
 PASSED ndarray_r32_5d
 f_sum =    84000.0000    
 c_sum =    84000.0000    
<end of output>
Test time =   0.14 sec
----------------------------------------------------------
Test Pass Reason:
Required regular expression found. Regex=[PASSED]
"test_to_ndarray_r32_5d" end time: May 25 20:08 PDT
"test_to_ndarray_r32_5d" time elapsed: 00:00:00
----------------------------------------------------------

160/168 Testing: test_to_ndarray_r32_6d
160/168 Test: test_to_ndarray_r32_6d
Command: "/Users/yongfeiwang/software/kokkos-tutorials/Exercises/kokkos-fortran-interop/build/test/test_to_ndarray_r32_6d"
Directory: /Users/yongfeiwang/software/kokkos-tutorials/Exercises/kokkos-fortran-interop/build/test
"test_to_ndarray_r32_6d" start time: May 25 20:08 PDT
Output:
----------------------------------------------------------
Kokkos::OpenMP::initialize WARNING: OMP_PROC_BIND environment variable not set
  In general, for best performance with OpenMP 4.0 or better set OMP_PROC_BIND=spread and OMP_PLACES=threads
  For best performance with OpenMP 3.1 set OMP_PROC_BIND=true
  For unit testing set OMP_PROC_BIND=false
 PASSED ndarray_r32_6d
 f_sum =    272160.000    
 c_sum =    272160.000    
<end of output>
Test time =   0.14 sec
----------------------------------------------------------
Test Pass Reason:
Required regular expression found. Regex=[PASSED]
"test_to_ndarray_r32_6d" end time: May 25 20:08 PDT
"test_to_ndarray_r32_6d" time elapsed: 00:00:00
----------------------------------------------------------

161/168 Testing: test_to_ndarray_r32_7d
161/168 Test: test_to_ndarray_r32_7d
Command: "/Users/yongfeiwang/software/kokkos-tutorials/Exercises/kokkos-fortran-interop/build/test/test_to_ndarray_r32_7d"
Directory: /Users/yongfeiwang/software/kokkos-tutorials/Exercises/kokkos-fortran-interop/build/test
"test_to_ndarray_r32_7d" start time: May 25 20:08 PDT
Output:
----------------------------------------------------------
Kokkos::OpenMP::initialize WARNING: OMP_PROC_BIND environment variable not set
  In general, for best performance with OpenMP 4.0 or better set OMP_PROC_BIND=spread and OMP_PLACES=threads
  For best performance with OpenMP 3.1 set OMP_PROC_BIND=true
  For unit testing set OMP_PROC_BIND=false
 PASSED ndarray_r32_7d
 f_sum =    564480.000    
 c_sum =    564480.000    
<end of output>
Test time =   0.14 sec
----------------------------------------------------------
Test Pass Reason:
Required regular expression found. Regex=[PASSED]
"test_to_ndarray_r32_7d" end time: May 25 20:08 PDT
"test_to_ndarray_r32_7d" time elapsed: 00:00:00
----------------------------------------------------------

162/168 Testing: test_to_ndarray_r64_1d
162/168 Test: test_to_ndarray_r64_1d
Command: "/Users/yongfeiwang/software/kokkos-tutorials/Exercises/kokkos-fortran-interop/build/test/test_to_ndarray_r64_1d"
Directory: /Users/yongfeiwang/software/kokkos-tutorials/Exercises/kokkos-fortran-interop/build/test
"test_to_ndarray_r64_1d" start time: May 25 20:08 PDT
Output:
----------------------------------------------------------
Kokkos::OpenMP::initialize WARNING: OMP_PROC_BIND environment variable not set
  In general, for best performance with OpenMP 4.0 or better set OMP_PROC_BIND=spread and OMP_PLACES=threads
  For best performance with OpenMP 3.1 set OMP_PROC_BIND=true
  For unit testing set OMP_PROC_BIND=false
 PASSED ndarray_r64_1d
 f_sum =    28.000000000000000     
 c_sum =    28.000000000000000     
<end of output>
Test time =   0.13 sec
----------------------------------------------------------
Test Pass Reason:
Required regular expression found. Regex=[PASSED]
"test_to_ndarray_r64_1d" end time: May 25 20:08 PDT
"test_to_ndarray_r64_1d" time elapsed: 00:00:00
----------------------------------------------------------

163/168 Testing: test_to_ndarray_r64_2d
163/168 Test: test_to_ndarray_r64_2d
Command: "/Users/yongfeiwang/software/kokkos-tutorials/Exercises/kokkos-fortran-interop/build/test/test_to_ndarray_r64_2d"
Directory: /Users/yongfeiwang/software/kokkos-tutorials/Exercises/kokkos-fortran-interop/build/test
"test_to_ndarray_r64_2d" start time: May 25 20:08 PDT
Output:
----------------------------------------------------------
Kokkos::OpenMP::initialize WARNING: OMP_PROC_BIND environment variable not set
  In general, for best performance with OpenMP 4.0 or better set OMP_PROC_BIND=spread and OMP_PLACES=threads
  For best performance with OpenMP 3.1 set OMP_PROC_BIND=true
  For unit testing set OMP_PROC_BIND=false
 PASSED ndarray_r64_2d
 f_sum =    364.00000000000000     
 c_sum =    364.00000000000000     
<end of output>
Test time =   0.14 sec
----------------------------------------------------------
Test Pass Reason:
Required regular expression found. Regex=[PASSED]
"test_to_ndarray_r64_2d" end time: May 25 20:08 PDT
"test_to_ndarray_r64_2d" time elapsed: 00:00:00
----------------------------------------------------------

164/168 Testing: test_to_ndarray_r64_3d
164/168 Test: test_to_ndarray_r64_3d
Command: "/Users/yongfeiwang/software/kokkos-tutorials/Exercises/kokkos-fortran-interop/build/test/test_to_ndarray_r64_3d"
Directory: /Users/yongfeiwang/software/kokkos-tutorials/Exercises/kokkos-fortran-interop/build/test
"test_to_ndarray_r64_3d" start time: May 25 20:08 PDT
Output:
----------------------------------------------------------
Kokkos::OpenMP::initialize WARNING: OMP_PROC_BIND environment variable not set
  In general, for best performance with OpenMP 4.0 or better set OMP_PROC_BIND=spread and OMP_PLACES=threads
  For best performance with OpenMP 3.1 set OMP_PROC_BIND=true
  For unit testing set OMP_PROC_BIND=false
 PASSED ndarray_r64_3d
 f_sum =    3024.0000000000000     
 c_sum =    3024.0000000000000     
<end of output>
Test time =   0.14 sec
----------------------------------------------------------
Test Pass Reason:
Required regular expression found. Regex=[PASSED]
"test_to_ndarray_r64_3d" end time: May 25 20:08 PDT
"test_to_ndarray_r64_3d" time elapsed: 00:00:00
----------------------------------------------------------

165/168 Testing: test_to_ndarray_r64_4d
165/168 Test: test_to_ndarray_r64_4d
Command: "/Users/yongfeiwang/software/kokkos-tutorials/Exercises/kokkos-fortran-interop/build/test/test_to_ndarray_r64_4d"
Directory: /Users/yongfeiwang/software/kokkos-tutorials/Exercises/kokkos-fortran-interop/build/test
"test_to_ndarray_r64_4d" start time: May 25 20:08 PDT
Output:
----------------------------------------------------------
Kokkos::OpenMP::initialize WARNING: OMP_PROC_BIND environment variable not set
  In general, for best performance with OpenMP 4.0 or better set OMP_PROC_BIND=spread and OMP_PLACES=threads
  For best performance with OpenMP 3.1 set OMP_PROC_BIND=true
  For unit testing set OMP_PROC_BIND=false
 PASSED ndarray_r64_4d
 f_sum =    18480.000000000000     
 c_sum =    18480.000000000000     
<end of output>
Test time =   0.14 sec
----------------------------------------------------------
Test Pass Reason:
Required regular expression found. Regex=[PASSED]
"test_to_ndarray_r64_4d" end time: May 25 20:08 PDT
"test_to_ndarray_r64_4d" time elapsed: 00:00:00
----------------------------------------------------------

166/168 Testing: test_to_ndarray_r64_5d
166/168 Test: test_to_ndarray_r64_5d
Command: "/Users/yongfeiwang/software/kokkos-tutorials/Exercises/kokkos-fortran-interop/build/test/test_to_ndarray_r64_5d"
Directory: /Users/yongfeiwang/software/kokkos-tutorials/Exercises/kokkos-fortran-interop/build/test
"test_to_ndarray_r64_5d" start time: May 25 20:08 PDT
Output:
----------------------------------------------------------
Kokkos::OpenMP::initialize WARNING: OMP_PROC_BIND environment variable not set
  In general, for best performance with OpenMP 4.0 or better set OMP_PROC_BIND=spread and OMP_PLACES=threads
  For best performance with OpenMP 3.1 set OMP_PROC_BIND=true
  For unit testing set OMP_PROC_BIND=false
 PASSED ndarray_r64_5d
 f_sum =    84000.000000000000     
 c_sum =    84000.000000000000     
<end of output>
Test time =   0.14 sec
----------------------------------------------------------
Test Pass Reason:
Required regular expression found. Regex=[PASSED]
"test_to_ndarray_r64_5d" end time: May 25 20:08 PDT
"test_to_ndarray_r64_5d" time elapsed: 00:00:00
----------------------------------------------------------

167/168 Testing: test_to_ndarray_r64_6d
167/168 Test: test_to_ndarray_r64_6d
Command: "/Users/yongfeiwang/software/kokkos-tutorials/Exercises/kokkos-fortran-interop/build/test/test_to_ndarray_r64_6d"
Directory: /Users/yongfeiwang/software/kokkos-tutorials/Exercises/kokkos-fortran-interop/build/test
"test_to_ndarray_r64_6d" start time: May 25 20:08 PDT
Output:
----------------------------------------------------------
Kokkos::OpenMP::initialize WARNING: OMP_PROC_BIND environment variable not set
  In general, for best performance with OpenMP 4.0 or better set OMP_PROC_BIND=spread and OMP_PLACES=threads
  For best performance with OpenMP 3.1 set OMP_PROC_BIND=true
  For unit testing set OMP_PROC_BIND=false
 PASSED ndarray_r64_6d
 f_sum =    272160.00000000000     
 c_sum =    272160.00000000000     
<end of output>
Test time =   0.14 sec
----------------------------------------------------------
Test Pass Reason:
Required regular expression found. Regex=[PASSED]
"test_to_ndarray_r64_6d" end time: May 25 20:08 PDT
"test_to_ndarray_r64_6d" time elapsed: 00:00:00
----------------------------------------------------------

168/168 Testing: test_to_ndarray_r64_7d
168/168 Test: test_to_ndarray_r64_7d
Command: "/Users/yongfeiwang/software/kokkos-tutorials/Exercises/kokkos-fortran-interop/build/test/test_to_ndarray_r64_7d"
Directory: /Users/yongfeiwang/software/kokkos-tutorials/Exercises/kokkos-fortran-interop/build/test
"test_to_ndarray_r64_7d" start time: May 25 20:08 PDT
Output:
----------------------------------------------------------
Kokkos::OpenMP::initialize WARNING: OMP_PROC_BIND environment variable not set
  In general, for best performance with OpenMP 4.0 or better set OMP_PROC_BIND=spread and OMP_PLACES=threads
  For best performance with OpenMP 3.1 set OMP_PROC_BIND=true
  For unit testing set OMP_PROC_BIND=false
 PASSED ndarray_r64_7d
 f_sum =    564480.00000000000     
 c_sum =    564480.00000000000     
<end of output>
Test time =   0.15 sec
----------------------------------------------------------
Test Pass Reason:
Required regular expression found. Regex=[PASSED]
"test_to_ndarray_r64_7d" end time: May 25 20:08 PDT
"test_to_ndarray_r64_7d" time elapsed: 00:00:00
----------------------------------------------------------

End testing: May 25 20:08 PDT
